[0.127s] DEBUG:colcon:Command line arguments: ['/usr/bin/colcon', 'build', '--allow-overriding', 'ad2_robot']
[0.128s] DEBUG:colcon:Parsed command line arguments: Namespace(allow_overriding=['ad2_robot'], ament_cmake_args=None, base_paths=['.'], build_base='build', catkin_cmake_args=None, catkin_skip_building_tests=False, cmake_args=None, cmake_clean_cache=False, cmake_clean_first=False, cmake_force_configure=False, cmake_target=None, cmake_target_skip_unavailable=False, continue_on_error=False, event_handlers=None, executor='parallel', ignore_user_meta=False, install_base='install', log_base=None, log_level=None, main=<bound method BuildVerb.main of <colcon_core.verb.build.BuildVerb object at 0x7fe46beab0a0>>, merge_install=False, metas=['./colcon.meta'], packages_above=None, packages_above_and_dependencies=None, packages_above_depth=None, packages_end=None, packages_ignore=None, packages_ignore_regex=None, packages_select=None, packages_select_build_failed=False, packages_select_by_dep=None, packages_select_regex=None, packages_select_test_failures=False, packages_skip=None, packages_skip_build_finished=False, packages_skip_by_dep=None, packages_skip_regex=None, packages_skip_test_passed=False, packages_skip_up_to=None, packages_start=None, packages_up_to=None, packages_up_to_regex=None, parallel_workers=8, paths=None, symlink_install=False, test_result_base=None, verb_extension=<colcon_core.verb.build.BuildVerb object at 0x7fe46beab0a0>, verb_name='build', verb_parser=<colcon_defaults.argument_parser.defaults.DefaultArgumentsDecorator object at 0x7fe46beab5e0>)
[0.131s] Level 1:colcon.colcon_core.package_discovery:discover_packages(colcon_meta) check parameters
[0.131s] Level 1:colcon.colcon_core.package_discovery:discover_packages(recursive) check parameters
[0.131s] Level 1:colcon.colcon_core.package_discovery:discover_packages(ignore) check parameters
[0.131s] Level 1:colcon.colcon_core.package_discovery:discover_packages(path) check parameters
[0.131s] Level 1:colcon.colcon_core.package_discovery:discover_packages(colcon_meta) discover
[0.131s] Level 1:colcon.colcon_core.package_discovery:discover_packages(recursive) discover
[0.131s] INFO:colcon.colcon_core.package_discovery:Crawling recursively for packages in '/home/burkehill/ad2'
[0.131s] Level 1:colcon.colcon_core.package_identification:_identify(.) by extensions ['ignore', 'ignore_ament_install']
[0.131s] Level 1:colcon.colcon_core.package_identification:_identify(.) by extension 'ignore'
[0.132s] Level 1:colcon.colcon_core.package_identification:_identify(.) by extension 'ignore_ament_install'
[0.132s] Level 1:colcon.colcon_core.package_identification:_identify(.) by extensions ['colcon_pkg']
[0.132s] Level 1:colcon.colcon_core.package_identification:_identify(.) by extension 'colcon_pkg'
[0.132s] Level 1:colcon.colcon_core.package_identification:_identify(.) by extensions ['colcon_meta']
[0.132s] Level 1:colcon.colcon_core.package_identification:_identify(.) by extension 'colcon_meta'
[0.132s] Level 1:colcon.colcon_core.package_identification:_identify(.) by extensions ['ros']
[0.132s] Level 1:colcon.colcon_core.package_identification:_identify(.) by extension 'ros'
[0.142s] Level 1:colcon.colcon_core.package_identification:_identify(.) by extensions ['cmake', 'python']
[0.142s] Level 1:colcon.colcon_core.package_identification:_identify(.) by extension 'cmake'
[0.142s] Level 1:colcon.colcon_core.package_identification:_identify(.) by extension 'python'
[0.142s] Level 1:colcon.colcon_core.package_identification:_identify(.) by extensions ['python_setup_py']
[0.142s] Level 1:colcon.colcon_core.package_identification:_identify(.) by extension 'python_setup_py'
[0.142s] Level 1:colcon.colcon_core.package_identification:_identify(ad2_robot) by extensions ['ignore', 'ignore_ament_install']
[0.142s] Level 1:colcon.colcon_core.package_identification:_identify(ad2_robot) by extension 'ignore'
[0.142s] Level 1:colcon.colcon_core.package_identification:_identify(ad2_robot) by extension 'ignore_ament_install'
[0.142s] Level 1:colcon.colcon_core.package_identification:_identify(ad2_robot) by extensions ['colcon_pkg']
[0.142s] Level 1:colcon.colcon_core.package_identification:_identify(ad2_robot) by extension 'colcon_pkg'
[0.142s] Level 1:colcon.colcon_core.package_identification:_identify(ad2_robot) by extensions ['colcon_meta']
[0.142s] Level 1:colcon.colcon_core.package_identification:_identify(ad2_robot) by extension 'colcon_meta'
[0.142s] Level 1:colcon.colcon_core.package_identification:_identify(ad2_robot) by extensions ['ros']
[0.142s] Level 1:colcon.colcon_core.package_identification:_identify(ad2_robot) by extension 'ros'
[0.144s] DEBUG:colcon.colcon_core.package_identification:Package 'ad2_robot' with type 'ros.ament_cmake' and name 'ad2_robot'
[0.145s] Level 1:colcon.colcon_core.package_identification:_identify(build) by extensions ['ignore', 'ignore_ament_install']
[0.145s] Level 1:colcon.colcon_core.package_identification:_identify(build) by extension 'ignore'
[0.145s] Level 1:colcon.colcon_core.package_identification:_identify(build) ignored
[0.145s] Level 1:colcon.colcon_core.package_identification:_identify(install) by extensions ['ignore', 'ignore_ament_install']
[0.145s] Level 1:colcon.colcon_core.package_identification:_identify(install) by extension 'ignore'
[0.145s] Level 1:colcon.colcon_core.package_identification:_identify(install) ignored
[0.145s] Level 1:colcon.colcon_core.package_identification:_identify(log) by extensions ['ignore', 'ignore_ament_install']
[0.145s] Level 1:colcon.colcon_core.package_identification:_identify(log) by extension 'ignore'
[0.145s] Level 1:colcon.colcon_core.package_identification:_identify(log) ignored
[0.145s] Level 1:colcon.colcon_core.package_discovery:discover_packages(recursive) using defaults
[0.145s] Level 1:colcon.colcon_core.package_discovery:discover_packages(ignore) discover
[0.145s] Level 1:colcon.colcon_core.package_discovery:discover_packages(ignore) using defaults
[0.145s] Level 1:colcon.colcon_core.package_discovery:discover_packages(path) discover
[0.145s] Level 1:colcon.colcon_core.package_discovery:discover_packages(path) using defaults
[0.167s] Level 5:colcon.colcon_core.verb:set package 'ad2_robot' build argument 'cmake_args' from command line to 'None'
[0.167s] Level 5:colcon.colcon_core.verb:set package 'ad2_robot' build argument 'cmake_target' from command line to 'None'
[0.167s] Level 5:colcon.colcon_core.verb:set package 'ad2_robot' build argument 'cmake_target_skip_unavailable' from command line to 'False'
[0.167s] Level 5:colcon.colcon_core.verb:set package 'ad2_robot' build argument 'cmake_clean_cache' from command line to 'False'
[0.167s] Level 5:colcon.colcon_core.verb:set package 'ad2_robot' build argument 'cmake_clean_first' from command line to 'False'
[0.167s] Level 5:colcon.colcon_core.verb:set package 'ad2_robot' build argument 'cmake_force_configure' from command line to 'False'
[0.167s] Level 5:colcon.colcon_core.verb:set package 'ad2_robot' build argument 'ament_cmake_args' from command line to 'None'
[0.167s] Level 5:colcon.colcon_core.verb:set package 'ad2_robot' build argument 'catkin_cmake_args' from command line to 'None'
[0.167s] Level 5:colcon.colcon_core.verb:set package 'ad2_robot' build argument 'catkin_skip_building_tests' from command line to 'False'
[0.167s] DEBUG:colcon.colcon_core.verb:Building package 'ad2_robot' with the following arguments: {'ament_cmake_args': None, 'build_base': '/home/burkehill/ad2/build/ad2_robot', 'catkin_cmake_args': None, 'catkin_skip_building_tests': False, 'cmake_args': None, 'cmake_clean_cache': False, 'cmake_clean_first': False, 'cmake_force_configure': False, 'cmake_target': None, 'cmake_target_skip_unavailable': False, 'install_base': '/home/burkehill/ad2/install/ad2_robot', 'merge_install': False, 'path': '/home/burkehill/ad2/ad2_robot', 'symlink_install': False, 'test_result_base': None}
[0.172s] INFO:colcon.colcon_core.executor:Executing jobs using 'parallel' executor
[0.175s] DEBUG:colcon.colcon_parallel_executor.executor.parallel:run_until_complete
[0.175s] INFO:colcon.colcon_ros.task.ament_cmake.build:Building ROS package in '/home/burkehill/ad2/ad2_robot' with build type 'ament_cmake'
[0.175s] INFO:colcon.colcon_cmake.task.cmake.build:Building CMake package in '/home/burkehill/ad2/ad2_robot'
[0.179s] INFO:colcon.colcon_core.plugin_system:Skipping extension 'colcon_core.shell.bat': Not used on non-Windows systems
[0.179s] INFO:colcon.colcon_core.shell:Skip shell extension 'powershell' for command environment: Not usable outside of PowerShell
[0.179s] DEBUG:colcon.colcon_core.shell:Skip shell extension 'dsv' for command environment
[0.194s] DEBUG:colcon.colcon_core.event_handler.log_command:Invoking command in '/home/burkehill/ad2/build/ad2_robot': CMAKE_PREFIX_PATH=${CMAKE_PREFIX_PATH}:/opt/ros/foxy /usr/bin/cmake --build /home/burkehill/ad2/build/ad2_robot -- -j8 -l8
[0.229s] DEBUG:colcon.colcon_core.event_handler.log_command:Invoked command in '/home/burkehill/ad2/build/ad2_robot' returned '0': CMAKE_PREFIX_PATH=${CMAKE_PREFIX_PATH}:/opt/ros/foxy /usr/bin/cmake --build /home/burkehill/ad2/build/ad2_robot -- -j8 -l8
[0.256s] DEBUG:colcon.colcon_core.event_handler.log_command:Invoking command in '/home/burkehill/ad2/build/ad2_robot': CMAKE_PREFIX_PATH=${CMAKE_PREFIX_PATH}:/opt/ros/foxy /usr/bin/cmake --install /home/burkehill/ad2/build/ad2_robot
[0.269s] Level 1:colcon.colcon_core.environment:create_environment_scripts_only(ad2_robot)
[0.273s] DEBUG:colcon.colcon_core.event_handler.log_command:Invoked command in '/home/burkehill/ad2/build/ad2_robot' returned '0': CMAKE_PREFIX_PATH=${CMAKE_PREFIX_PATH}:/opt/ros/foxy /usr/bin/cmake --install /home/burkehill/ad2/build/ad2_robot
[0.275s] Level 1:colcon.colcon_core.environment:checking '/home/burkehill/ad2/install/ad2_robot' for CMake module files
[0.276s] Level 1:colcon.colcon_core.environment:checking '/home/burkehill/ad2/install/ad2_robot' for CMake config files
[0.276s] Level 1:colcon.colcon_core.shell:create_environment_hook('ad2_robot', 'cmake_prefix_path')
[0.276s] INFO:colcon.colcon_core.shell:Creating environment hook '/home/burkehill/ad2/install/ad2_robot/share/ad2_robot/hook/cmake_prefix_path.ps1'
[0.277s] INFO:colcon.colcon_core.shell:Creating environment descriptor '/home/burkehill/ad2/install/ad2_robot/share/ad2_robot/hook/cmake_prefix_path.dsv'
[0.278s] INFO:colcon.colcon_core.shell:Creating environment hook '/home/burkehill/ad2/install/ad2_robot/share/ad2_robot/hook/cmake_prefix_path.sh'
[0.278s] Level 1:colcon.colcon_core.environment:checking '/home/burkehill/ad2/install/ad2_robot/bin'
[0.278s] Level 1:colcon.colcon_core.environment:checking '/home/burkehill/ad2/install/ad2_robot/lib/pkgconfig/ad2_robot.pc'
[0.279s] Level 1:colcon.colcon_core.environment:checking '/home/burkehill/ad2/install/ad2_robot/lib/python3.8/site-packages'
[0.279s] INFO:colcon.colcon_core.shell:Creating package script '/home/burkehill/ad2/install/ad2_robot/share/ad2_robot/package.ps1'
[0.280s] INFO:colcon.colcon_core.shell:Creating package descriptor '/home/burkehill/ad2/install/ad2_robot/share/ad2_robot/package.dsv'
[0.280s] INFO:colcon.colcon_core.shell:Creating package script '/home/burkehill/ad2/install/ad2_robot/share/ad2_robot/package.sh'
[0.281s] INFO:colcon.colcon_core.shell:Creating package script '/home/burkehill/ad2/install/ad2_robot/share/ad2_robot/package.bash'
[0.281s] INFO:colcon.colcon_core.shell:Creating package script '/home/burkehill/ad2/install/ad2_robot/share/ad2_robot/package.zsh'
[0.282s] Level 1:colcon.colcon_core.environment:create_file_with_runtime_dependencies(/home/burkehill/ad2/install/ad2_robot/share/colcon-core/packages/ad2_robot)
[0.298s] Level 1:colcon.colcon_core.environment:create_environment_scripts_only(ad2_robot)
[0.299s] Level 1:colcon.colcon_core.environment:checking '/home/burkehill/ad2/install/ad2_robot' for CMake module files
[0.300s] Level 1:colcon.colcon_core.environment:checking '/home/burkehill/ad2/install/ad2_robot' for CMake config files
[0.300s] Level 1:colcon.colcon_core.shell:create_environment_hook('ad2_robot', 'cmake_prefix_path')
[0.300s] INFO:colcon.colcon_core.shell:Creating environment hook '/home/burkehill/ad2/install/ad2_robot/share/ad2_robot/hook/cmake_prefix_path.ps1'
[0.301s] INFO:colcon.colcon_core.shell:Creating environment descriptor '/home/burkehill/ad2/install/ad2_robot/share/ad2_robot/hook/cmake_prefix_path.dsv'
[0.301s] INFO:colcon.colcon_core.shell:Creating environment hook '/home/burkehill/ad2/install/ad2_robot/share/ad2_robot/hook/cmake_prefix_path.sh'
[0.301s] Level 1:colcon.colcon_core.environment:checking '/home/burkehill/ad2/install/ad2_robot/bin'
[0.301s] Level 1:colcon.colcon_core.environment:checking '/home/burkehill/ad2/install/ad2_robot/lib/pkgconfig/ad2_robot.pc'
[0.301s] Level 1:colcon.colcon_core.environment:checking '/home/burkehill/ad2/install/ad2_robot/lib/python3.8/site-packages'
[0.302s] INFO:colcon.colcon_core.shell:Creating package script '/home/burkehill/ad2/install/ad2_robot/share/ad2_robot/package.ps1'
[0.302s] INFO:colcon.colcon_core.shell:Creating package descriptor '/home/burkehill/ad2/install/ad2_robot/share/ad2_robot/package.dsv'
[0.303s] INFO:colcon.colcon_core.shell:Creating package script '/home/burkehill/ad2/install/ad2_robot/share/ad2_robot/package.sh'
[0.303s] INFO:colcon.colcon_core.shell:Creating package script '/home/burkehill/ad2/install/ad2_robot/share/ad2_robot/package.bash'
[0.303s] INFO:colcon.colcon_core.shell:Creating package script '/home/burkehill/ad2/install/ad2_robot/share/ad2_robot/package.zsh'
[0.304s] Level 1:colcon.colcon_core.environment:create_file_with_runtime_dependencies(/home/burkehill/ad2/install/ad2_robot/share/colcon-core/packages/ad2_robot)
[0.304s] DEBUG:colcon.colcon_parallel_executor.executor.parallel:closing loop
[0.305s] DEBUG:colcon.colcon_parallel_executor.executor.parallel:loop closed
[0.305s] DEBUG:colcon.colcon_parallel_executor.executor.parallel:run_until_complete finished with '0'
[0.305s] DEBUG:colcon.colcon_core.event_reactor:joining thread
[0.309s] INFO:colcon.colcon_core.plugin_system:Skipping extension 'colcon_notification.desktop_notification.terminal_notifier': Not used on non-Darwin systems
[0.310s] INFO:colcon.colcon_core.plugin_system:Skipping extension 'colcon_notification.desktop_notification.win32': Not used on non-Windows systems
[0.310s] INFO:colcon.colcon_notification.desktop_notification:Sending desktop notification using 'notify2'
[0.321s] DEBUG:colcon.colcon_core.event_reactor:joined thread
[0.322s] INFO:colcon.colcon_core.shell:Creating prefix script '/home/burkehill/ad2/install/local_setup.ps1'
[0.323s] INFO:colcon.colcon_core.shell:Creating prefix util module '/home/burkehill/ad2/install/_local_setup_util_ps1.py'
[0.325s] INFO:colcon.colcon_core.shell:Creating prefix chain script '/home/burkehill/ad2/install/setup.ps1'
[0.326s] INFO:colcon.colcon_core.shell:Creating prefix script '/home/burkehill/ad2/install/local_setup.sh'
[0.326s] INFO:colcon.colcon_core.shell:Creating prefix util module '/home/burkehill/ad2/install/_local_setup_util_sh.py'
[0.327s] INFO:colcon.colcon_core.shell:Creating prefix chain script '/home/burkehill/ad2/install/setup.sh'
[0.328s] INFO:colcon.colcon_core.shell:Creating prefix script '/home/burkehill/ad2/install/local_setup.bash'
[0.329s] INFO:colcon.colcon_core.shell:Creating prefix chain script '/home/burkehill/ad2/install/setup.bash'
[0.330s] INFO:colcon.colcon_core.shell:Creating prefix script '/home/burkehill/ad2/install/local_setup.zsh'
[0.330s] INFO:colcon.colcon_core.shell:Creating prefix chain script '/home/burkehill/ad2/install/setup.zsh'
