-- Install configuration: ""
-- Up-to-date: /home/burkehill/ad2/install/ad2_robot/share/ad2_robot/config
-- Up-to-date: /home/burkehill/ad2/install/ad2_robot/share/ad2_robot/launch
-- Up-to-date: /home/burkehill/ad2/install/ad2_robot/share/ad2_robot/launch/ad2.launch.py
-- Up-to-date: /home/burkehill/ad2/install/ad2_robot/share/ad2_robot/maps
-- Up-to-date: /home/burkehill/ad2/install/ad2_robot/share/ad2_robot/meshes
-- Up-to-date: /home/burkehill/ad2/install/ad2_robot/share/ad2_robot/meshes/arm_base.stl
-- Up-to-date: /home/burkehill/ad2/install/ad2_robot/share/ad2_robot/meshes/robot_base.stl
-- Up-to-date: /home/burkehill/ad2/install/ad2_robot/share/ad2_robot/meshes/bicep.stl
-- Up-to-date: /home/burkehill/ad2/install/ad2_robot/share/ad2_robot/meshes/elbow.stl
-- Up-to-date: /home/burkehill/ad2/install/ad2_robot/share/ad2_robot/meshes/wrist.stl
-- Up-to-date: /home/burkehill/ad2/install/ad2_robot/share/ad2_robot/meshes/wheel.stl
-- Up-to-date: /home/burkehill/ad2/install/ad2_robot/share/ad2_robot/models
-- Up-to-date: /home/burkehill/ad2/install/ad2_robot/share/ad2_robot/models/ad2_model.urdf
-- Up-to-date: /home/burkehill/ad2/install/ad2_robot/share/ad2_robot/models/ad2_description
-- Up-to-date: /home/burkehill/ad2/install/ad2_robot/share/ad2_robot/models/ad2_description/meshes
-- Up-to-date: /home/burkehill/ad2/install/ad2_robot/share/ad2_robot/models/ad2_description/meshes/arm_base.stl
-- Up-to-date: /home/burkehill/ad2/install/ad2_robot/share/ad2_robot/models/ad2_description/meshes/robot_base.stl
-- Up-to-date: /home/burkehill/ad2/install/ad2_robot/share/ad2_robot/models/ad2_description/meshes/bicep.stl
-- Up-to-date: /home/burkehill/ad2/install/ad2_robot/share/ad2_robot/models/ad2_description/meshes/elbow.stl
-- Up-to-date: /home/burkehill/ad2/install/ad2_robot/share/ad2_robot/models/ad2_description/meshes/wrist.stl
-- Up-to-date: /home/burkehill/ad2/install/ad2_robot/share/ad2_robot/models/ad2_description/meshes/wheel.stl
-- Installing: /home/burkehill/ad2/install/ad2_robot/share/ad2_robot/models/ad2_description/model.sdf
-- Up-to-date: /home/burkehill/ad2/install/ad2_robot/share/ad2_robot/models/ad2_description/model.config
-- Up-to-date: /home/burkehill/ad2/install/ad2_robot/share/ad2_robot/params
-- Up-to-date: /home/burkehill/ad2/install/ad2_robot/share/ad2_robot/rviz
-- Up-to-date: /home/burkehill/ad2/install/ad2_robot/share/ad2_robot/rviz/urdf_config.rviz
-- Up-to-date: /home/burkehill/ad2/install/ad2_robot/share/ad2_robot/src
-- Up-to-date: /home/burkehill/ad2/install/ad2_robot/share/ad2_robot/worlds
-- Up-to-date: /home/burkehill/ad2/install/ad2_robot/share/ament_index/resource_index/package_run_dependencies/ad2_robot
-- Up-to-date: /home/burkehill/ad2/install/ad2_robot/share/ament_index/resource_index/parent_prefix_path/ad2_robot
-- Up-to-date: /home/burkehill/ad2/install/ad2_robot/share/ad2_robot/environment/ament_prefix_path.sh
-- Up-to-date: /home/burkehill/ad2/install/ad2_robot/share/ad2_robot/environment/ament_prefix_path.dsv
-- Up-to-date: /home/burkehill/ad2/install/ad2_robot/share/ad2_robot/environment/path.sh
-- Up-to-date: /home/burkehill/ad2/install/ad2_robot/share/ad2_robot/environment/path.dsv
-- Up-to-date: /home/burkehill/ad2/install/ad2_robot/share/ad2_robot/local_setup.bash
-- Up-to-date: /home/burkehill/ad2/install/ad2_robot/share/ad2_robot/local_setup.sh
-- Up-to-date: /home/burkehill/ad2/install/ad2_robot/share/ad2_robot/local_setup.zsh
-- Up-to-date: /home/burkehill/ad2/install/ad2_robot/share/ad2_robot/local_setup.dsv
-- Installing: /home/burkehill/ad2/install/ad2_robot/share/ad2_robot/package.dsv
-- Up-to-date: /home/burkehill/ad2/install/ad2_robot/share/ament_index/resource_index/packages/ad2_robot
-- Up-to-date: /home/burkehill/ad2/install/ad2_robot/share/ad2_robot/cmake/ad2_robotConfig.cmake
-- Up-to-date: /home/burkehill/ad2/install/ad2_robot/share/ad2_robot/cmake/ad2_robotConfig-version.cmake
-- Up-to-date: /home/burkehill/ad2/install/ad2_robot/share/ad2_robot/package.xml
