[0.042s] Invoking command in '/home/burkehill/ad2/build/ad2_robot': CMAKE_PREFIX_PATH=${CMAKE_PREFIX_PATH}:/opt/ros/foxy /usr/bin/cmake --build /home/burkehill/ad2/build/ad2_robot -- -j2 -l2
[0.119s] -- Found ament_cmake: 0.9.9 (/opt/ros/foxy/share/ament_cmake/cmake)
[0.175s] -- Using PYTHON_EXECUTABLE: /usr/bin/python3
[0.537s] -- Found ament_lint_auto: 0.9.6 (/opt/ros/foxy/share/ament_lint_auto/cmake)
[0.678s] -- Added test 'copyright' to check source files copyright and LICENSE
[0.694s] -- Added test 'flake8' to check Python code syntax and style conventions
[0.697s] -- Added test 'lint_cmake' to check CMake code style
[0.698s] -- Added test 'pep257' to check Python code against some of the style conventions in PEP 257
[0.709s] -- Added test 'xmllint' to check XML markup files
[0.713s] -- Configuring done
[0.721s] -- Generating done
[0.724s] -- Build files have been written to: /home/burkehill/ad2/build/ad2_robot
[0.797s] Invoked command in '/home/burkehill/ad2/build/ad2_robot' returned '0': CMAKE_PREFIX_PATH=${CMAKE_PREFIX_PATH}:/opt/ros/foxy /usr/bin/cmake --build /home/burkehill/ad2/build/ad2_robot -- -j2 -l2
[0.931s] Invoking command in '/home/burkehill/ad2/build/ad2_robot': CMAKE_PREFIX_PATH=${CMAKE_PREFIX_PATH}:/opt/ros/foxy /usr/bin/cmake --install /home/burkehill/ad2/build/ad2_robot
[0.967s] -- Install configuration: ""
[0.967s] -- Installing: /home/burkehill/ad2/install/ad2_robot/share/ad2_robot/config
[0.968s] -- Installing: /home/burkehill/ad2/install/ad2_robot/share/ad2_robot/launch
[0.969s] -- Installing: /home/burkehill/ad2/install/ad2_robot/share/ad2_robot/launch/ad2.launch.py
[0.970s] -- Installing: /home/burkehill/ad2/install/ad2_robot/share/ad2_robot/maps
[0.971s] -- Installing: /home/burkehill/ad2/install/ad2_robot/share/ad2_robot/meshes
[0.971s] -- Installing: /home/burkehill/ad2/install/ad2_robot/share/ad2_robot/models
[0.972s] -- Installing: /home/burkehill/ad2/install/ad2_robot/share/ad2_robot/models/ad2_model.urdf
[0.974s] -- Installing: /home/burkehill/ad2/install/ad2_robot/share/ad2_robot/params
[0.975s] -- Installing: /home/burkehill/ad2/install/ad2_robot/share/ad2_robot/rviz
[0.975s] -- Installing: /home/burkehill/ad2/install/ad2_robot/share/ad2_robot/rviz/urdf_config.rviz
[0.976s] -- Installing: /home/burkehill/ad2/install/ad2_robot/share/ad2_robot/src
[0.977s] -- Installing: /home/burkehill/ad2/install/ad2_robot/share/ad2_robot/worlds
[0.978s] -- Up-to-date: /home/burkehill/ad2/install/ad2_robot/share/ament_index/resource_index/package_run_dependencies/ad2_robot
[0.979s] -- Installing: /home/burkehill/ad2/install/ad2_robot/share/ament_index/resource_index/parent_prefix_path/ad2_robot
[0.980s] -- Up-to-date: /home/burkehill/ad2/install/ad2_robot/share/ad2_robot/environment/ament_prefix_path.sh
[0.980s] -- Installing: /home/burkehill/ad2/install/ad2_robot/share/ad2_robot/environment/ament_prefix_path.dsv
[0.982s] -- Up-to-date: /home/burkehill/ad2/install/ad2_robot/share/ad2_robot/environment/path.sh
[0.982s] -- Installing: /home/burkehill/ad2/install/ad2_robot/share/ad2_robot/environment/path.dsv
[0.983s] -- Up-to-date: /home/burkehill/ad2/install/ad2_robot/share/ad2_robot/local_setup.bash
[0.983s] -- Up-to-date: /home/burkehill/ad2/install/ad2_robot/share/ad2_robot/local_setup.sh
[0.983s] -- Up-to-date: /home/burkehill/ad2/install/ad2_robot/share/ad2_robot/local_setup.zsh
[0.984s] -- Installing: /home/burkehill/ad2/install/ad2_robot/share/ad2_robot/local_setup.dsv
[0.985s] -- Installing: /home/burkehill/ad2/install/ad2_robot/share/ad2_robot/package.dsv
[0.986s] -- Up-to-date: /home/burkehill/ad2/install/ad2_robot/share/ament_index/resource_index/packages/ad2_robot
[0.986s] -- Up-to-date: /home/burkehill/ad2/install/ad2_robot/share/ad2_robot/cmake/ad2_robotConfig.cmake
[0.986s] -- Up-to-date: /home/burkehill/ad2/install/ad2_robot/share/ad2_robot/cmake/ad2_robotConfig-version.cmake
[0.986s] -- Up-to-date: /home/burkehill/ad2/install/ad2_robot/share/ad2_robot/package.xml
[0.994s] Invoked command in '/home/burkehill/ad2/build/ad2_robot' returned '0': CMAKE_PREFIX_PATH=${CMAKE_PREFIX_PATH}:/opt/ros/foxy /usr/bin/cmake --install /home/burkehill/ad2/build/ad2_robot
