[0.019s] Invoking command in '/home/burkehill/ad2/build/ad2_robot': CMAKE_PREFIX_PATH=${CMAKE_PREFIX_PATH}:/opt/ros/foxy /usr/bin/cmake --build /home/burkehill/ad2/build/ad2_robot -- -j2 -l2
[0.136s] Invoked command in '/home/burkehill/ad2/build/ad2_robot' returned '0': CMAKE_PREFIX_PATH=${CMAKE_PREFIX_PATH}:/opt/ros/foxy /usr/bin/cmake --build /home/burkehill/ad2/build/ad2_robot -- -j2 -l2
[0.189s] Invoking command in '/home/burkehill/ad2/build/ad2_robot': CMAKE_PREFIX_PATH=${CMAKE_PREFIX_PATH}:/opt/ros/foxy /usr/bin/cmake --install /home/burkehill/ad2/build/ad2_robot
[0.201s] -- Install configuration: ""
[0.202s] -- Up-to-date: /home/burkehill/ad2/install/ad2_robot/share/ad2_robot/config
[0.202s] -- Up-to-date: /home/burkehill/ad2/install/ad2_robot/share/ad2_robot/launch
[0.202s] -- Installing: /home/burkehill/ad2/install/ad2_robot/share/ad2_robot/launch/log
[0.202s] -- Installing: /home/burkehill/ad2/install/ad2_robot/share/ad2_robot/launch/log/build_2022-02-03_10-32-09
[0.202s] -- Installing: /home/burkehill/ad2/install/ad2_robot/share/ad2_robot/launch/log/build_2022-02-03_10-32-09/events.log
[0.202s] -- Installing: /home/burkehill/ad2/install/ad2_robot/share/ad2_robot/launch/log/build_2022-02-03_10-32-09/logger_all.log
[0.203s] -- Installing: /home/burkehill/ad2/install/ad2_robot/share/ad2_robot/launch/log/latest_build
[0.203s] -- Installing: /home/burkehill/ad2/install/ad2_robot/share/ad2_robot/launch/log/latest
[0.203s] -- Installing: /home/burkehill/ad2/install/ad2_robot/share/ad2_robot/launch/log/COLCON_IGNORE
[0.203s] -- Installing: /home/burkehill/ad2/install/ad2_robot/share/ad2_robot/launch/log/build_2022-02-03_10-32-45
[0.203s] -- Installing: /home/burkehill/ad2/install/ad2_robot/share/ad2_robot/launch/log/build_2022-02-03_10-32-45/events.log
[0.204s] -- Installing: /home/burkehill/ad2/install/ad2_robot/share/ad2_robot/launch/log/build_2022-02-03_10-32-45/logger_all.log
[0.204s] -- Installing: /home/burkehill/ad2/install/ad2_robot/share/ad2_robot/launch/build
[0.204s] -- Installing: /home/burkehill/ad2/install/ad2_robot/share/ad2_robot/launch/build/.built_by
[0.204s] -- Installing: /home/burkehill/ad2/install/ad2_robot/share/ad2_robot/launch/build/COLCON_IGNORE
[0.204s] -- Up-to-date: /home/burkehill/ad2/install/ad2_robot/share/ad2_robot/launch/ad2.launch.py
[0.205s] -- Installing: /home/burkehill/ad2/install/ad2_robot/share/ad2_robot/launch/ad2rviz.launch.py
[0.205s] -- Installing: /home/burkehill/ad2/install/ad2_robot/share/ad2_robot/launch/install
[0.205s] -- Installing: /home/burkehill/ad2/install/ad2_robot/share/ad2_robot/launch/install/.colcon_install_layout
[0.205s] -- Installing: /home/burkehill/ad2/install/ad2_robot/share/ad2_robot/launch/install/local_setup.zsh
[0.205s] -- Installing: /home/burkehill/ad2/install/ad2_robot/share/ad2_robot/launch/install/local_setup.ps1
[0.206s] -- Installing: /home/burkehill/ad2/install/ad2_robot/share/ad2_robot/launch/install/COLCON_IGNORE
[0.206s] -- Installing: /home/burkehill/ad2/install/ad2_robot/share/ad2_robot/launch/install/_local_setup_util_ps1.py
[0.206s] -- Installing: /home/burkehill/ad2/install/ad2_robot/share/ad2_robot/launch/install/setup.sh
[0.206s] -- Installing: /home/burkehill/ad2/install/ad2_robot/share/ad2_robot/launch/install/_local_setup_util_sh.py
[0.207s] -- Installing: /home/burkehill/ad2/install/ad2_robot/share/ad2_robot/launch/install/setup.zsh
[0.207s] -- Installing: /home/burkehill/ad2/install/ad2_robot/share/ad2_robot/launch/install/local_setup.bash
[0.207s] -- Installing: /home/burkehill/ad2/install/ad2_robot/share/ad2_robot/launch/install/local_setup.sh
[0.208s] -- Installing: /home/burkehill/ad2/install/ad2_robot/share/ad2_robot/launch/install/setup.ps1
[0.208s] -- Installing: /home/burkehill/ad2/install/ad2_robot/share/ad2_robot/launch/install/setup.bash
[0.208s] -- Up-to-date: /home/burkehill/ad2/install/ad2_robot/share/ad2_robot/maps
[0.208s] -- Up-to-date: /home/burkehill/ad2/install/ad2_robot/share/ad2_robot/meshes
[0.208s] -- Up-to-date: /home/burkehill/ad2/install/ad2_robot/share/ad2_robot/meshes/arm_base.stl
[0.208s] -- Up-to-date: /home/burkehill/ad2/install/ad2_robot/share/ad2_robot/meshes/robot_base.stl
[0.209s] -- Up-to-date: /home/burkehill/ad2/install/ad2_robot/share/ad2_robot/meshes/bicep.stl
[0.209s] -- Up-to-date: /home/burkehill/ad2/install/ad2_robot/share/ad2_robot/meshes/elbow.stl
[0.209s] -- Up-to-date: /home/burkehill/ad2/install/ad2_robot/share/ad2_robot/meshes/wrist.stl
[0.210s] -- Up-to-date: /home/burkehill/ad2/install/ad2_robot/share/ad2_robot/meshes/wheel.stl
[0.210s] -- Up-to-date: /home/burkehill/ad2/install/ad2_robot/share/ad2_robot/models
[0.210s] -- Up-to-date: /home/burkehill/ad2/install/ad2_robot/share/ad2_robot/models/ad2_model.urdf
[0.210s] -- Up-to-date: /home/burkehill/ad2/install/ad2_robot/share/ad2_robot/models/ad2_description
[0.210s] -- Up-to-date: /home/burkehill/ad2/install/ad2_robot/share/ad2_robot/models/ad2_description/meshes
[0.210s] -- Up-to-date: /home/burkehill/ad2/install/ad2_robot/share/ad2_robot/models/ad2_description/meshes/arm_base.stl
[0.211s] -- Up-to-date: /home/burkehill/ad2/install/ad2_robot/share/ad2_robot/models/ad2_description/meshes/robot_base.stl
[0.211s] -- Up-to-date: /home/burkehill/ad2/install/ad2_robot/share/ad2_robot/models/ad2_description/meshes/bicep.stl
[0.211s] -- Up-to-date: /home/burkehill/ad2/install/ad2_robot/share/ad2_robot/models/ad2_description/meshes/elbow.stl
[0.211s] -- Up-to-date: /home/burkehill/ad2/install/ad2_robot/share/ad2_robot/models/ad2_description/meshes/wrist.stl
[0.212s] -- Up-to-date: /home/burkehill/ad2/install/ad2_robot/share/ad2_robot/models/ad2_description/meshes/wheel.stl
[0.212s] -- Up-to-date: /home/burkehill/ad2/install/ad2_robot/share/ad2_robot/models/ad2_description/model.sdf
[0.212s] -- Up-to-date: /home/burkehill/ad2/install/ad2_robot/share/ad2_robot/models/ad2_description/model.config
[0.212s] -- Up-to-date: /home/burkehill/ad2/install/ad2_robot/share/ad2_robot/params
[0.212s] -- Up-to-date: /home/burkehill/ad2/install/ad2_robot/share/ad2_robot/rviz
[0.213s] -- Up-to-date: /home/burkehill/ad2/install/ad2_robot/share/ad2_robot/rviz/urdf_config.rviz
[0.213s] -- Up-to-date: /home/burkehill/ad2/install/ad2_robot/share/ad2_robot/src
[0.213s] -- Up-to-date: /home/burkehill/ad2/install/ad2_robot/share/ad2_robot/worlds
[0.213s] -- Up-to-date: /home/burkehill/ad2/install/ad2_robot/share/ad2_robot/worlds/basic_world
[0.213s] -- Up-to-date: /home/burkehill/ad2/install/ad2_robot/share/ad2_robot/worlds/basic_world/my_world.sdf
[0.214s] -- Up-to-date: /home/burkehill/ad2/install/ad2_robot/share/ad2_robot/worlds/basic_world/smalltown.world
[0.214s] -- Up-to-date: /home/burkehill/ad2/install/ad2_robot/share/ament_index/resource_index/package_run_dependencies/ad2_robot
[0.214s] -- Up-to-date: /home/burkehill/ad2/install/ad2_robot/share/ament_index/resource_index/parent_prefix_path/ad2_robot
[0.214s] -- Up-to-date: /home/burkehill/ad2/install/ad2_robot/share/ad2_robot/environment/ament_prefix_path.sh
[0.214s] -- Up-to-date: /home/burkehill/ad2/install/ad2_robot/share/ad2_robot/environment/ament_prefix_path.dsv
[0.214s] -- Up-to-date: /home/burkehill/ad2/install/ad2_robot/share/ad2_robot/environment/path.sh
[0.214s] -- Up-to-date: /home/burkehill/ad2/install/ad2_robot/share/ad2_robot/environment/path.dsv
[0.215s] -- Up-to-date: /home/burkehill/ad2/install/ad2_robot/share/ad2_robot/local_setup.bash
[0.215s] -- Up-to-date: /home/burkehill/ad2/install/ad2_robot/share/ad2_robot/local_setup.sh
[0.215s] -- Up-to-date: /home/burkehill/ad2/install/ad2_robot/share/ad2_robot/local_setup.zsh
[0.215s] -- Up-to-date: /home/burkehill/ad2/install/ad2_robot/share/ad2_robot/local_setup.dsv
[0.215s] -- Installing: /home/burkehill/ad2/install/ad2_robot/share/ad2_robot/package.dsv
[0.216s] -- Up-to-date: /home/burkehill/ad2/install/ad2_robot/share/ament_index/resource_index/packages/ad2_robot
[0.216s] -- Up-to-date: /home/burkehill/ad2/install/ad2_robot/share/ad2_robot/cmake/ad2_robotConfig.cmake
[0.216s] -- Up-to-date: /home/burkehill/ad2/install/ad2_robot/share/ad2_robot/cmake/ad2_robotConfig-version.cmake
[0.216s] -- Up-to-date: /home/burkehill/ad2/install/ad2_robot/share/ad2_robot/package.xml
[0.220s] Invoked command in '/home/burkehill/ad2/build/ad2_robot' returned '0': CMAKE_PREFIX_PATH=${CMAKE_PREFIX_PATH}:/opt/ros/foxy /usr/bin/cmake --install /home/burkehill/ad2/build/ad2_robot
