[1.246s] DEBUG:colcon:Command line arguments: ['/usr/bin/colcon', 'build']
[1.246s] DEBUG:colcon:Parsed command line arguments: Namespace(ament_cmake_args=None, base_paths=['.'], build_base='build', catkin_cmake_args=None, catkin_skip_building_tests=False, cmake_args=None, cmake_clean_cache=False, cmake_clean_first=False, cmake_force_configure=False, cmake_target=None, cmake_target_skip_unavailable=False, continue_on_error=False, event_handlers=None, executor='parallel', ignore_user_meta=False, install_base='install', log_base=None, log_level=None, main=<bound method BuildVerb.main of <colcon_core.verb.build.BuildVerb object at 0x7f3bd2bd0400>>, merge_install=False, metas=['./colcon.meta'], packages_above=None, packages_above_and_dependencies=None, packages_above_depth=None, packages_end=None, packages_ignore=None, packages_ignore_regex=None, packages_select=None, packages_select_build_failed=False, packages_select_by_dep=None, packages_select_regex=None, packages_select_test_failures=False, packages_skip=None, packages_skip_build_finished=False, packages_skip_by_dep=None, packages_skip_regex=None, packages_skip_test_passed=False, packages_skip_up_to=None, packages_start=None, packages_up_to=None, packages_up_to_regex=None, parallel_workers=2, paths=None, symlink_install=False, test_result_base=None, verb_extension=<colcon_core.verb.build.BuildVerb object at 0x7f3bd2bd0400>, verb_name='build', verb_parser=<colcon_defaults.argument_parser.defaults.DefaultArgumentsDecorator object at 0x7f3bd2bd0940>)
[1.267s] Level 1:colcon.colcon_core.package_discovery:discover_packages(colcon_meta) check parameters
[1.267s] Level 1:colcon.colcon_core.package_discovery:discover_packages(recursive) check parameters
[1.267s] Level 1:colcon.colcon_core.package_discovery:discover_packages(ignore) check parameters
[1.267s] Level 1:colcon.colcon_core.package_discovery:discover_packages(path) check parameters
[1.267s] Level 1:colcon.colcon_core.package_discovery:discover_packages(colcon_meta) discover
[1.267s] Level 1:colcon.colcon_core.package_discovery:discover_packages(recursive) discover
[1.267s] INFO:colcon.colcon_core.package_discovery:Crawling recursively for packages in '/home/burkehill/ad2'
[1.268s] Level 1:colcon.colcon_core.package_identification:_identify(.) by extensions ['ignore', 'ignore_ament_install']
[1.268s] Level 1:colcon.colcon_core.package_identification:_identify(.) by extension 'ignore'
[1.268s] Level 1:colcon.colcon_core.package_identification:_identify(.) by extension 'ignore_ament_install'
[1.268s] Level 1:colcon.colcon_core.package_identification:_identify(.) by extensions ['colcon_pkg']
[1.268s] Level 1:colcon.colcon_core.package_identification:_identify(.) by extension 'colcon_pkg'
[1.268s] Level 1:colcon.colcon_core.package_identification:_identify(.) by extensions ['colcon_meta']
[1.268s] Level 1:colcon.colcon_core.package_identification:_identify(.) by extension 'colcon_meta'
[1.268s] Level 1:colcon.colcon_core.package_identification:_identify(.) by extensions ['ros']
[1.268s] Level 1:colcon.colcon_core.package_identification:_identify(.) by extension 'ros'
[1.292s] Level 1:colcon.colcon_core.package_identification:_identify(.) by extensions ['cmake', 'python']
[1.292s] Level 1:colcon.colcon_core.package_identification:_identify(.) by extension 'cmake'
[1.292s] Level 1:colcon.colcon_core.package_identification:_identify(.) by extension 'python'
[1.292s] Level 1:colcon.colcon_core.package_identification:_identify(.) by extensions ['python_setup_py']
[1.292s] Level 1:colcon.colcon_core.package_identification:_identify(.) by extension 'python_setup_py'
[1.293s] Level 1:colcon.colcon_core.package_identification:_identify(ad2_robot) by extensions ['ignore', 'ignore_ament_install']
[1.293s] Level 1:colcon.colcon_core.package_identification:_identify(ad2_robot) by extension 'ignore'
[1.293s] Level 1:colcon.colcon_core.package_identification:_identify(ad2_robot) by extension 'ignore_ament_install'
[1.293s] Level 1:colcon.colcon_core.package_identification:_identify(ad2_robot) by extensions ['colcon_pkg']
[1.293s] Level 1:colcon.colcon_core.package_identification:_identify(ad2_robot) by extension 'colcon_pkg'
[1.293s] Level 1:colcon.colcon_core.package_identification:_identify(ad2_robot) by extensions ['colcon_meta']
[1.293s] Level 1:colcon.colcon_core.package_identification:_identify(ad2_robot) by extension 'colcon_meta'
[1.294s] Level 1:colcon.colcon_core.package_identification:_identify(ad2_robot) by extensions ['ros']
[1.294s] Level 1:colcon.colcon_core.package_identification:_identify(ad2_robot) by extension 'ros'
[1.300s] DEBUG:colcon.colcon_core.package_identification:Package 'ad2_robot' with type 'ros.ament_cmake' and name 'ad2_robot'
[1.300s] Level 1:colcon.colcon_core.package_identification:_identify(build) by extensions ['ignore', 'ignore_ament_install']
[1.300s] Level 1:colcon.colcon_core.package_identification:_identify(build) by extension 'ignore'
[1.300s] Level 1:colcon.colcon_core.package_identification:_identify(build) ignored
[1.301s] Level 1:colcon.colcon_core.package_identification:_identify(install) by extensions ['ignore', 'ignore_ament_install']
[1.301s] Level 1:colcon.colcon_core.package_identification:_identify(install) by extension 'ignore'
[1.301s] Level 1:colcon.colcon_core.package_identification:_identify(install) ignored
[1.301s] Level 1:colcon.colcon_core.package_identification:_identify(log) by extensions ['ignore', 'ignore_ament_install']
[1.301s] Level 1:colcon.colcon_core.package_identification:_identify(log) by extension 'ignore'
[1.301s] Level 1:colcon.colcon_core.package_identification:_identify(log) ignored
[1.302s] Level 1:colcon.colcon_core.package_discovery:discover_packages(recursive) using defaults
[1.302s] Level 1:colcon.colcon_core.package_discovery:discover_packages(ignore) discover
[1.302s] Level 1:colcon.colcon_core.package_discovery:discover_packages(ignore) using defaults
[1.302s] Level 1:colcon.colcon_core.package_discovery:discover_packages(path) discover
[1.302s] Level 1:colcon.colcon_core.package_discovery:discover_packages(path) using defaults
[1.347s] Level 5:colcon.colcon_core.verb:set package 'ad2_robot' build argument 'cmake_args' from command line to 'None'
[1.347s] Level 5:colcon.colcon_core.verb:set package 'ad2_robot' build argument 'cmake_target' from command line to 'None'
[1.347s] Level 5:colcon.colcon_core.verb:set package 'ad2_robot' build argument 'cmake_target_skip_unavailable' from command line to 'False'
[1.347s] Level 5:colcon.colcon_core.verb:set package 'ad2_robot' build argument 'cmake_clean_cache' from command line to 'False'
[1.347s] Level 5:colcon.colcon_core.verb:set package 'ad2_robot' build argument 'cmake_clean_first' from command line to 'False'
[1.348s] Level 5:colcon.colcon_core.verb:set package 'ad2_robot' build argument 'cmake_force_configure' from command line to 'False'
[1.348s] Level 5:colcon.colcon_core.verb:set package 'ad2_robot' build argument 'ament_cmake_args' from command line to 'None'
[1.348s] Level 5:colcon.colcon_core.verb:set package 'ad2_robot' build argument 'catkin_cmake_args' from command line to 'None'
[1.348s] Level 5:colcon.colcon_core.verb:set package 'ad2_robot' build argument 'catkin_skip_building_tests' from command line to 'False'
[1.348s] DEBUG:colcon.colcon_core.verb:Building package 'ad2_robot' with the following arguments: {'ament_cmake_args': None, 'build_base': '/home/burkehill/ad2/build/ad2_robot', 'catkin_cmake_args': None, 'catkin_skip_building_tests': False, 'cmake_args': None, 'cmake_clean_cache': False, 'cmake_clean_first': False, 'cmake_force_configure': False, 'cmake_target': None, 'cmake_target_skip_unavailable': False, 'install_base': '/home/burkehill/ad2/install/ad2_robot', 'merge_install': False, 'path': '/home/burkehill/ad2/ad2_robot', 'symlink_install': False, 'test_result_base': None}
[1.348s] INFO:colcon.colcon_core.executor:Executing jobs using 'parallel' executor
[1.351s] DEBUG:colcon.colcon_parallel_executor.executor.parallel:run_until_complete
[1.352s] INFO:colcon.colcon_ros.task.ament_cmake.build:Building ROS package in '/home/burkehill/ad2/ad2_robot' with build type 'ament_cmake'
[1.352s] INFO:colcon.colcon_cmake.task.cmake.build:Building CMake package in '/home/burkehill/ad2/ad2_robot'
[1.373s] INFO:colcon.colcon_core.plugin_system:Skipping extension 'colcon_core.shell.bat': Not used on non-Windows systems
[1.373s] INFO:colcon.colcon_core.shell:Skip shell extension 'powershell' for command environment: Not usable outside of PowerShell
[1.373s] DEBUG:colcon.colcon_core.shell:Skip shell extension 'dsv' for command environment
[1.380s] DEBUG:colcon.colcon_core.shell:Ignoring prefix path '/opt/ros/foxy'
[1.401s] DEBUG:colcon.colcon_core.event_handler.log_command:Invoking command in '/home/burkehill/ad2/build/ad2_robot': CMAKE_PREFIX_PATH=/opt/ros/foxy /usr/bin/cmake /home/burkehill/ad2/ad2_robot -DCMAKE_INSTALL_PREFIX=/home/burkehill/ad2/install/ad2_robot
[4.131s] DEBUG:colcon.colcon_core.event_handler.log_command:Invoked command in '/home/burkehill/ad2/build/ad2_robot' returned '0': CMAKE_PREFIX_PATH=/opt/ros/foxy /usr/bin/cmake /home/burkehill/ad2/ad2_robot -DCMAKE_INSTALL_PREFIX=/home/burkehill/ad2/install/ad2_robot
[4.132s] DEBUG:colcon.colcon_core.event_handler.log_command:Invoking command in '/home/burkehill/ad2/build/ad2_robot': CMAKE_PREFIX_PATH=/opt/ros/foxy /usr/bin/cmake --build /home/burkehill/ad2/build/ad2_robot -- -j2 -l2
[4.265s] DEBUG:colcon.colcon_core.event_handler.log_command:Invoked command in '/home/burkehill/ad2/build/ad2_robot' returned '0': CMAKE_PREFIX_PATH=/opt/ros/foxy /usr/bin/cmake --build /home/burkehill/ad2/build/ad2_robot -- -j2 -l2
[4.385s] DEBUG:colcon.colcon_core.event_handler.log_command:Invoking command in '/home/burkehill/ad2/build/ad2_robot': CMAKE_PREFIX_PATH=/opt/ros/foxy /usr/bin/cmake --install /home/burkehill/ad2/build/ad2_robot
[4.421s] Level 1:colcon.colcon_core.environment:create_environment_scripts_only(ad2_robot)
[4.424s] DEBUG:colcon.colcon_core.event_handler.log_command:Invoked command in '/home/burkehill/ad2/build/ad2_robot' returned '0': CMAKE_PREFIX_PATH=/opt/ros/foxy /usr/bin/cmake --install /home/burkehill/ad2/build/ad2_robot
[4.453s] Level 1:colcon.colcon_core.environment:checking '/home/burkehill/ad2/install/ad2_robot' for CMake module files
[4.455s] Level 1:colcon.colcon_core.environment:checking '/home/burkehill/ad2/install/ad2_robot' for CMake config files
[4.455s] Level 1:colcon.colcon_core.shell:create_environment_hook('ad2_robot', 'cmake_prefix_path')
[4.456s] INFO:colcon.colcon_core.shell:Creating environment hook '/home/burkehill/ad2/install/ad2_robot/share/ad2_robot/hook/cmake_prefix_path.ps1'
[4.460s] INFO:colcon.colcon_core.shell:Creating environment descriptor '/home/burkehill/ad2/install/ad2_robot/share/ad2_robot/hook/cmake_prefix_path.dsv'
[4.461s] INFO:colcon.colcon_core.shell:Creating environment hook '/home/burkehill/ad2/install/ad2_robot/share/ad2_robot/hook/cmake_prefix_path.sh'
[4.464s] Level 1:colcon.colcon_core.environment:checking '/home/burkehill/ad2/install/ad2_robot/bin'
[4.464s] Level 1:colcon.colcon_core.environment:checking '/home/burkehill/ad2/install/ad2_robot/lib/pkgconfig/ad2_robot.pc'
[4.464s] Level 1:colcon.colcon_core.environment:checking '/home/burkehill/ad2/install/ad2_robot/lib/python3.8/site-packages'
[4.465s] INFO:colcon.colcon_core.shell:Creating package script '/home/burkehill/ad2/install/ad2_robot/share/ad2_robot/package.ps1'
[4.467s] INFO:colcon.colcon_core.shell:Creating package descriptor '/home/burkehill/ad2/install/ad2_robot/share/ad2_robot/package.dsv'
[4.468s] INFO:colcon.colcon_core.shell:Creating package script '/home/burkehill/ad2/install/ad2_robot/share/ad2_robot/package.sh'
[4.473s] INFO:colcon.colcon_core.shell:Creating package script '/home/burkehill/ad2/install/ad2_robot/share/ad2_robot/package.bash'
[4.476s] INFO:colcon.colcon_core.shell:Creating package script '/home/burkehill/ad2/install/ad2_robot/share/ad2_robot/package.zsh'
[4.480s] Level 1:colcon.colcon_core.environment:create_file_with_runtime_dependencies(/home/burkehill/ad2/install/ad2_robot/share/colcon-core/packages/ad2_robot)
[4.559s] Level 1:colcon.colcon_core.environment:create_environment_scripts_only(ad2_robot)
[4.564s] Level 1:colcon.colcon_core.environment:checking '/home/burkehill/ad2/install/ad2_robot' for CMake module files
[4.565s] Level 1:colcon.colcon_core.environment:checking '/home/burkehill/ad2/install/ad2_robot' for CMake config files
[4.566s] Level 1:colcon.colcon_core.shell:create_environment_hook('ad2_robot', 'cmake_prefix_path')
[4.567s] INFO:colcon.colcon_core.shell:Creating environment hook '/home/burkehill/ad2/install/ad2_robot/share/ad2_robot/hook/cmake_prefix_path.ps1'
[4.568s] INFO:colcon.colcon_core.shell:Creating environment descriptor '/home/burkehill/ad2/install/ad2_robot/share/ad2_robot/hook/cmake_prefix_path.dsv'
[4.569s] INFO:colcon.colcon_core.shell:Creating environment hook '/home/burkehill/ad2/install/ad2_robot/share/ad2_robot/hook/cmake_prefix_path.sh'
[4.570s] Level 1:colcon.colcon_core.environment:checking '/home/burkehill/ad2/install/ad2_robot/bin'
[4.570s] Level 1:colcon.colcon_core.environment:checking '/home/burkehill/ad2/install/ad2_robot/lib/pkgconfig/ad2_robot.pc'
[4.571s] Level 1:colcon.colcon_core.environment:checking '/home/burkehill/ad2/install/ad2_robot/lib/python3.8/site-packages'
[4.571s] INFO:colcon.colcon_core.shell:Creating package script '/home/burkehill/ad2/install/ad2_robot/share/ad2_robot/package.ps1'
[4.572s] INFO:colcon.colcon_core.shell:Creating package descriptor '/home/burkehill/ad2/install/ad2_robot/share/ad2_robot/package.dsv'
[4.573s] INFO:colcon.colcon_core.shell:Creating package script '/home/burkehill/ad2/install/ad2_robot/share/ad2_robot/package.sh'
[4.574s] INFO:colcon.colcon_core.shell:Creating package script '/home/burkehill/ad2/install/ad2_robot/share/ad2_robot/package.bash'
[4.574s] INFO:colcon.colcon_core.shell:Creating package script '/home/burkehill/ad2/install/ad2_robot/share/ad2_robot/package.zsh'
[4.575s] Level 1:colcon.colcon_core.environment:create_file_with_runtime_dependencies(/home/burkehill/ad2/install/ad2_robot/share/colcon-core/packages/ad2_robot)
[4.579s] DEBUG:colcon.colcon_parallel_executor.executor.parallel:closing loop
[4.580s] DEBUG:colcon.colcon_parallel_executor.executor.parallel:loop closed
[4.580s] DEBUG:colcon.colcon_parallel_executor.executor.parallel:run_until_complete finished with '0'
[4.580s] DEBUG:colcon.colcon_core.event_reactor:joining thread
[4.605s] INFO:colcon.colcon_core.plugin_system:Skipping extension 'colcon_notification.desktop_notification.terminal_notifier': Not used on non-Darwin systems
[4.605s] INFO:colcon.colcon_core.plugin_system:Skipping extension 'colcon_notification.desktop_notification.win32': Not used on non-Windows systems
[4.605s] INFO:colcon.colcon_notification.desktop_notification:Sending desktop notification using 'notify2'
[4.669s] DEBUG:colcon.colcon_core.event_reactor:joined thread
[4.670s] INFO:colcon.colcon_core.shell:Creating prefix script '/home/burkehill/ad2/install/local_setup.ps1'
[4.672s] INFO:colcon.colcon_core.shell:Creating prefix util module '/home/burkehill/ad2/install/_local_setup_util_ps1.py'
[4.674s] INFO:colcon.colcon_core.shell:Creating prefix chain script '/home/burkehill/ad2/install/setup.ps1'
[4.679s] INFO:colcon.colcon_core.shell:Creating prefix script '/home/burkehill/ad2/install/local_setup.sh'
[4.681s] INFO:colcon.colcon_core.shell:Creating prefix util module '/home/burkehill/ad2/install/_local_setup_util_sh.py'
[4.682s] INFO:colcon.colcon_core.shell:Creating prefix chain script '/home/burkehill/ad2/install/setup.sh'
[4.685s] INFO:colcon.colcon_core.shell:Creating prefix script '/home/burkehill/ad2/install/local_setup.bash'
[4.687s] INFO:colcon.colcon_core.shell:Creating prefix chain script '/home/burkehill/ad2/install/setup.bash'
[4.691s] INFO:colcon.colcon_core.shell:Creating prefix script '/home/burkehill/ad2/install/local_setup.zsh'
[4.692s] INFO:colcon.colcon_core.shell:Creating prefix chain script '/home/burkehill/ad2/install/setup.zsh'
