[0.043s] Invoking command in '/home/burkehill/ad2/build/ad2_robot': CMAKE_PREFIX_PATH=${CMAKE_PREFIX_PATH}:/opt/ros/foxy /usr/bin/cmake --build /home/burkehill/ad2/build/ad2_robot -- -j2 -l2
[0.180s] Invoked command in '/home/burkehill/ad2/build/ad2_robot' returned '0': CMAKE_PREFIX_PATH=${CMAKE_PREFIX_PATH}:/opt/ros/foxy /usr/bin/cmake --build /home/burkehill/ad2/build/ad2_robot -- -j2 -l2
[0.298s] Invoking command in '/home/burkehill/ad2/build/ad2_robot': CMAKE_PREFIX_PATH=${CMAKE_PREFIX_PATH}:/opt/ros/foxy /usr/bin/cmake --install /home/burkehill/ad2/build/ad2_robot
[0.334s] -- Install configuration: ""
[0.334s] -- Up-to-date: /home/burkehill/ad2/install/ad2_robot/share/ad2_robot/config
[0.335s] -- Up-to-date: /home/burkehill/ad2/install/ad2_robot/share/ad2_robot/config/ekf.yaml
[0.336s] -- Up-to-date: /home/burkehill/ad2/install/ad2_robot/share/ad2_robot/launch
[0.336s] -- Up-to-date: /home/burkehill/ad2/install/ad2_robot/share/ad2_robot/launch/ad2again.launch.py
[0.336s] -- Up-to-date: /home/burkehill/ad2/install/ad2_robot/share/ad2_robot/launch/log
[0.337s] -- Up-to-date: /home/burkehill/ad2/install/ad2_robot/share/ad2_robot/launch/log/build_2022-02-03_10-32-09
[0.337s] -- Up-to-date: /home/burkehill/ad2/install/ad2_robot/share/ad2_robot/launch/log/build_2022-02-03_10-32-09/events.log
[0.337s] -- Up-to-date: /home/burkehill/ad2/install/ad2_robot/share/ad2_robot/launch/log/build_2022-02-03_10-32-09/logger_all.log
[0.338s] -- Up-to-date: /home/burkehill/ad2/install/ad2_robot/share/ad2_robot/launch/log/latest_build
[0.338s] -- Up-to-date: /home/burkehill/ad2/install/ad2_robot/share/ad2_robot/launch/log/latest
[0.338s] -- Up-to-date: /home/burkehill/ad2/install/ad2_robot/share/ad2_robot/launch/log/COLCON_IGNORE
[0.338s] -- Up-to-date: /home/burkehill/ad2/install/ad2_robot/share/ad2_robot/launch/log/build_2022-02-03_10-32-45
[0.339s] -- Up-to-date: /home/burkehill/ad2/install/ad2_robot/share/ad2_robot/launch/log/build_2022-02-03_10-32-45/events.log
[0.339s] -- Up-to-date: /home/burkehill/ad2/install/ad2_robot/share/ad2_robot/launch/log/build_2022-02-03_10-32-45/logger_all.log
[0.339s] -- Installing: /home/burkehill/ad2/install/ad2_robot/share/ad2_robot/launch/ad2v4.launch.py
[0.340s] -- Up-to-date: /home/burkehill/ad2/install/ad2_robot/share/ad2_robot/launch/build
[0.340s] -- Up-to-date: /home/burkehill/ad2/install/ad2_robot/share/ad2_robot/launch/build/.built_by
[0.341s] -- Up-to-date: /home/burkehill/ad2/install/ad2_robot/share/ad2_robot/launch/build/COLCON_IGNORE
[0.341s] -- Up-to-date: /home/burkehill/ad2/install/ad2_robot/share/ad2_robot/launch/ad2.launch.py
[0.341s] -- Up-to-date: /home/burkehill/ad2/install/ad2_robot/share/ad2_robot/launch/ad2rviz.launch.py
[0.342s] -- Up-to-date: /home/burkehill/ad2/install/ad2_robot/share/ad2_robot/launch/install
[0.342s] -- Up-to-date: /home/burkehill/ad2/install/ad2_robot/share/ad2_robot/launch/install/.colcon_install_layout
[0.342s] -- Up-to-date: /home/burkehill/ad2/install/ad2_robot/share/ad2_robot/launch/install/local_setup.zsh
[0.343s] -- Up-to-date: /home/burkehill/ad2/install/ad2_robot/share/ad2_robot/launch/install/local_setup.ps1
[0.343s] -- Up-to-date: /home/burkehill/ad2/install/ad2_robot/share/ad2_robot/launch/install/COLCON_IGNORE
[0.344s] -- Up-to-date: /home/burkehill/ad2/install/ad2_robot/share/ad2_robot/launch/install/_local_setup_util_ps1.py
[0.344s] -- Up-to-date: /home/burkehill/ad2/install/ad2_robot/share/ad2_robot/launch/install/setup.sh
[0.344s] -- Up-to-date: /home/burkehill/ad2/install/ad2_robot/share/ad2_robot/launch/install/_local_setup_util_sh.py
[0.345s] -- Up-to-date: /home/burkehill/ad2/install/ad2_robot/share/ad2_robot/launch/install/setup.zsh
[0.345s] -- Up-to-date: /home/burkehill/ad2/install/ad2_robot/share/ad2_robot/launch/install/local_setup.bash
[0.345s] -- Up-to-date: /home/burkehill/ad2/install/ad2_robot/share/ad2_robot/launch/install/local_setup.sh
[0.346s] -- Up-to-date: /home/burkehill/ad2/install/ad2_robot/share/ad2_robot/launch/install/setup.ps1
[0.347s] -- Up-to-date: /home/burkehill/ad2/install/ad2_robot/share/ad2_robot/launch/install/setup.bash
[0.347s] -- Up-to-date: /home/burkehill/ad2/install/ad2_robot/share/ad2_robot/maps
[0.347s] -- Up-to-date: /home/burkehill/ad2/install/ad2_robot/share/ad2_robot/meshes
[0.347s] -- Up-to-date: /home/burkehill/ad2/install/ad2_robot/share/ad2_robot/meshes/arm_base.stl
[0.348s] -- Up-to-date: /home/burkehill/ad2/install/ad2_robot/share/ad2_robot/meshes/robot_base.stl
[0.348s] -- Up-to-date: /home/burkehill/ad2/install/ad2_robot/share/ad2_robot/meshes/bicep.stl
[0.348s] -- Up-to-date: /home/burkehill/ad2/install/ad2_robot/share/ad2_robot/meshes/elbow.stl
[0.349s] -- Up-to-date: /home/burkehill/ad2/install/ad2_robot/share/ad2_robot/meshes/wrist.stl
[0.349s] -- Up-to-date: /home/burkehill/ad2/install/ad2_robot/share/ad2_robot/meshes/wheel.stl
[0.350s] -- Up-to-date: /home/burkehill/ad2/install/ad2_robot/share/ad2_robot/models
[0.351s] -- Installing: /home/burkehill/ad2/install/ad2_robot/share/ad2_robot/models/ad2_model.urdf
[0.352s] -- Up-to-date: /home/burkehill/ad2/install/ad2_robot/share/ad2_robot/models/ad2_description
[0.353s] -- Up-to-date: /home/burkehill/ad2/install/ad2_robot/share/ad2_robot/models/ad2_description/meshes
[0.355s] -- Up-to-date: /home/burkehill/ad2/install/ad2_robot/share/ad2_robot/models/ad2_description/meshes/arm_base.stl
[0.356s] -- Up-to-date: /home/burkehill/ad2/install/ad2_robot/share/ad2_robot/models/ad2_description/meshes/robot_base.stl
[0.358s] -- Up-to-date: /home/burkehill/ad2/install/ad2_robot/share/ad2_robot/models/ad2_description/meshes/bicep.stl
[0.359s] -- Up-to-date: /home/burkehill/ad2/install/ad2_robot/share/ad2_robot/models/ad2_description/meshes/elbow.stl
[0.359s] -- Up-to-date: /home/burkehill/ad2/install/ad2_robot/share/ad2_robot/models/ad2_description/meshes/wrist.stl
[0.359s] -- Up-to-date: /home/burkehill/ad2/install/ad2_robot/share/ad2_robot/models/ad2_description/meshes/wheel.stl
[0.360s] -- Installing: /home/burkehill/ad2/install/ad2_robot/share/ad2_robot/models/ad2_description/model.sdf
[0.360s] -- Up-to-date: /home/burkehill/ad2/install/ad2_robot/share/ad2_robot/models/ad2_description/model.config
[0.360s] -- Up-to-date: /home/burkehill/ad2/install/ad2_robot/share/ad2_robot/params
[0.361s] -- Up-to-date: /home/burkehill/ad2/install/ad2_robot/share/ad2_robot/rviz
[0.361s] -- Up-to-date: /home/burkehill/ad2/install/ad2_robot/share/ad2_robot/rviz/urdf_config.rviz
[0.361s] -- Up-to-date: /home/burkehill/ad2/install/ad2_robot/share/ad2_robot/src
[0.362s] -- Up-to-date: /home/burkehill/ad2/install/ad2_robot/share/ad2_robot/worlds
[0.362s] -- Up-to-date: /home/burkehill/ad2/install/ad2_robot/share/ad2_robot/worlds/basic_world
[0.363s] -- Up-to-date: /home/burkehill/ad2/install/ad2_robot/share/ad2_robot/worlds/basic_world/my_world.sdf
[0.363s] -- Up-to-date: /home/burkehill/ad2/install/ad2_robot/share/ad2_robot/worlds/basic_world/smalltown.world
[0.363s] -- Up-to-date: /home/burkehill/ad2/install/ad2_robot/share/ament_index/resource_index/package_run_dependencies/ad2_robot
[0.364s] -- Up-to-date: /home/burkehill/ad2/install/ad2_robot/share/ament_index/resource_index/parent_prefix_path/ad2_robot
[0.364s] -- Up-to-date: /home/burkehill/ad2/install/ad2_robot/share/ad2_robot/environment/ament_prefix_path.sh
[0.364s] -- Up-to-date: /home/burkehill/ad2/install/ad2_robot/share/ad2_robot/environment/ament_prefix_path.dsv
[0.364s] -- Up-to-date: /home/burkehill/ad2/install/ad2_robot/share/ad2_robot/environment/path.sh
[0.365s] -- Up-to-date: /home/burkehill/ad2/install/ad2_robot/share/ad2_robot/environment/path.dsv
[0.365s] -- Up-to-date: /home/burkehill/ad2/install/ad2_robot/share/ad2_robot/local_setup.bash
[0.365s] -- Up-to-date: /home/burkehill/ad2/install/ad2_robot/share/ad2_robot/local_setup.sh
[0.366s] -- Up-to-date: /home/burkehill/ad2/install/ad2_robot/share/ad2_robot/local_setup.zsh
[0.366s] -- Up-to-date: /home/burkehill/ad2/install/ad2_robot/share/ad2_robot/local_setup.dsv
[0.366s] -- Installing: /home/burkehill/ad2/install/ad2_robot/share/ad2_robot/package.dsv
[0.366s] -- Up-to-date: /home/burkehill/ad2/install/ad2_robot/share/ament_index/resource_index/packages/ad2_robot
[0.367s] -- Up-to-date: /home/burkehill/ad2/install/ad2_robot/share/ad2_robot/cmake/ad2_robotConfig.cmake
[0.367s] -- Up-to-date: /home/burkehill/ad2/install/ad2_robot/share/ad2_robot/cmake/ad2_robotConfig-version.cmake
[0.367s] -- Up-to-date: /home/burkehill/ad2/install/ad2_robot/share/ad2_robot/package.xml
[0.374s] Invoked command in '/home/burkehill/ad2/build/ad2_robot' returned '0': CMAKE_PREFIX_PATH=${CMAKE_PREFIX_PATH}:/opt/ros/foxy /usr/bin/cmake --install /home/burkehill/ad2/build/ad2_robot
