[0.485s] DEBUG:colcon:Command line arguments: ['/usr/bin/colcon', 'build']
[0.486s] DEBUG:colcon:Parsed command line arguments: Namespace(ament_cmake_args=None, base_paths=['.'], build_base='build', catkin_cmake_args=None, catkin_skip_building_tests=False, cmake_args=None, cmake_clean_cache=False, cmake_clean_first=False, cmake_force_configure=False, cmake_target=None, cmake_target_skip_unavailable=False, continue_on_error=False, event_handlers=None, executor='parallel', ignore_user_meta=False, install_base='install', log_base=None, log_level=None, main=<bound method BuildVerb.main of <colcon_core.verb.build.BuildVerb object at 0x7fdccde36370>>, merge_install=False, metas=['./colcon.meta'], packages_above=None, packages_above_and_dependencies=None, packages_above_depth=None, packages_end=None, packages_ignore=None, packages_ignore_regex=None, packages_select=None, packages_select_build_failed=False, packages_select_by_dep=None, packages_select_regex=None, packages_select_test_failures=False, packages_skip=None, packages_skip_build_finished=False, packages_skip_by_dep=None, packages_skip_regex=None, packages_skip_test_passed=False, packages_skip_up_to=None, packages_start=None, packages_up_to=None, packages_up_to_regex=None, parallel_workers=2, paths=None, symlink_install=False, test_result_base=None, verb_extension=<colcon_core.verb.build.BuildVerb object at 0x7fdccde36370>, verb_name='build', verb_parser=<colcon_defaults.argument_parser.defaults.DefaultArgumentsDecorator object at 0x7fdccde368b0>)
[0.494s] Level 1:colcon.colcon_core.package_discovery:discover_packages(colcon_meta) check parameters
[0.494s] Level 1:colcon.colcon_core.package_discovery:discover_packages(recursive) check parameters
[0.494s] Level 1:colcon.colcon_core.package_discovery:discover_packages(ignore) check parameters
[0.494s] Level 1:colcon.colcon_core.package_discovery:discover_packages(path) check parameters
[0.494s] Level 1:colcon.colcon_core.package_discovery:discover_packages(colcon_meta) discover
[0.495s] Level 1:colcon.colcon_core.package_discovery:discover_packages(recursive) discover
[0.495s] INFO:colcon.colcon_core.package_discovery:Crawling recursively for packages in '/home/burkehill/ad2'
[0.495s] Level 1:colcon.colcon_core.package_identification:_identify(.) by extensions ['ignore', 'ignore_ament_install']
[0.495s] Level 1:colcon.colcon_core.package_identification:_identify(.) by extension 'ignore'
[0.495s] Level 1:colcon.colcon_core.package_identification:_identify(.) by extension 'ignore_ament_install'
[0.495s] Level 1:colcon.colcon_core.package_identification:_identify(.) by extensions ['colcon_pkg']
[0.495s] Level 1:colcon.colcon_core.package_identification:_identify(.) by extension 'colcon_pkg'
[0.496s] Level 1:colcon.colcon_core.package_identification:_identify(.) by extensions ['colcon_meta']
[0.496s] Level 1:colcon.colcon_core.package_identification:_identify(.) by extension 'colcon_meta'
[0.496s] Level 1:colcon.colcon_core.package_identification:_identify(.) by extensions ['ros']
[0.496s] Level 1:colcon.colcon_core.package_identification:_identify(.) by extension 'ros'
[0.516s] Level 1:colcon.colcon_core.package_identification:_identify(.) by extensions ['cmake', 'python']
[0.516s] Level 1:colcon.colcon_core.package_identification:_identify(.) by extension 'cmake'
[0.516s] Level 1:colcon.colcon_core.package_identification:_identify(.) by extension 'python'
[0.516s] Level 1:colcon.colcon_core.package_identification:_identify(.) by extensions ['python_setup_py']
[0.516s] Level 1:colcon.colcon_core.package_identification:_identify(.) by extension 'python_setup_py'
[0.517s] Level 1:colcon.colcon_core.package_identification:_identify(ad2_robot) by extensions ['ignore', 'ignore_ament_install']
[0.517s] Level 1:colcon.colcon_core.package_identification:_identify(ad2_robot) by extension 'ignore'
[0.517s] Level 1:colcon.colcon_core.package_identification:_identify(ad2_robot) by extension 'ignore_ament_install'
[0.517s] Level 1:colcon.colcon_core.package_identification:_identify(ad2_robot) by extensions ['colcon_pkg']
[0.517s] Level 1:colcon.colcon_core.package_identification:_identify(ad2_robot) by extension 'colcon_pkg'
[0.517s] Level 1:colcon.colcon_core.package_identification:_identify(ad2_robot) by extensions ['colcon_meta']
[0.518s] Level 1:colcon.colcon_core.package_identification:_identify(ad2_robot) by extension 'colcon_meta'
[0.518s] Level 1:colcon.colcon_core.package_identification:_identify(ad2_robot) by extensions ['ros']
[0.518s] Level 1:colcon.colcon_core.package_identification:_identify(ad2_robot) by extension 'ros'
[0.522s] DEBUG:colcon.colcon_core.package_identification:Package 'ad2_robot' with type 'ros.ament_cmake' and name 'ad2_robot'
[0.522s] Level 1:colcon.colcon_core.package_identification:_identify(build) by extensions ['ignore', 'ignore_ament_install']
[0.522s] Level 1:colcon.colcon_core.package_identification:_identify(build) by extension 'ignore'
[0.522s] Level 1:colcon.colcon_core.package_identification:_identify(build) ignored
[0.522s] Level 1:colcon.colcon_core.package_identification:_identify(install) by extensions ['ignore', 'ignore_ament_install']
[0.523s] Level 1:colcon.colcon_core.package_identification:_identify(install) by extension 'ignore'
[0.523s] Level 1:colcon.colcon_core.package_identification:_identify(install) ignored
[0.523s] Level 1:colcon.colcon_core.package_identification:_identify(log) by extensions ['ignore', 'ignore_ament_install']
[0.523s] Level 1:colcon.colcon_core.package_identification:_identify(log) by extension 'ignore'
[0.523s] Level 1:colcon.colcon_core.package_identification:_identify(log) ignored
[0.523s] Level 1:colcon.colcon_core.package_discovery:discover_packages(recursive) using defaults
[0.523s] Level 1:colcon.colcon_core.package_discovery:discover_packages(ignore) discover
[0.523s] Level 1:colcon.colcon_core.package_discovery:discover_packages(ignore) using defaults
[0.523s] Level 1:colcon.colcon_core.package_discovery:discover_packages(path) discover
[0.523s] Level 1:colcon.colcon_core.package_discovery:discover_packages(path) using defaults
[0.554s] Level 5:colcon.colcon_core.verb:set package 'ad2_robot' build argument 'cmake_args' from command line to 'None'
[0.554s] Level 5:colcon.colcon_core.verb:set package 'ad2_robot' build argument 'cmake_target' from command line to 'None'
[0.554s] Level 5:colcon.colcon_core.verb:set package 'ad2_robot' build argument 'cmake_target_skip_unavailable' from command line to 'False'
[0.554s] Level 5:colcon.colcon_core.verb:set package 'ad2_robot' build argument 'cmake_clean_cache' from command line to 'False'
[0.555s] Level 5:colcon.colcon_core.verb:set package 'ad2_robot' build argument 'cmake_clean_first' from command line to 'False'
[0.555s] Level 5:colcon.colcon_core.verb:set package 'ad2_robot' build argument 'cmake_force_configure' from command line to 'False'
[0.555s] Level 5:colcon.colcon_core.verb:set package 'ad2_robot' build argument 'ament_cmake_args' from command line to 'None'
[0.555s] Level 5:colcon.colcon_core.verb:set package 'ad2_robot' build argument 'catkin_cmake_args' from command line to 'None'
[0.555s] Level 5:colcon.colcon_core.verb:set package 'ad2_robot' build argument 'catkin_skip_building_tests' from command line to 'False'
[0.555s] DEBUG:colcon.colcon_core.verb:Building package 'ad2_robot' with the following arguments: {'ament_cmake_args': None, 'build_base': '/home/burkehill/ad2/build/ad2_robot', 'catkin_cmake_args': None, 'catkin_skip_building_tests': False, 'cmake_args': None, 'cmake_clean_cache': False, 'cmake_clean_first': False, 'cmake_force_configure': False, 'cmake_target': None, 'cmake_target_skip_unavailable': False, 'install_base': '/home/burkehill/ad2/install/ad2_robot', 'merge_install': False, 'path': '/home/burkehill/ad2/ad2_robot', 'symlink_install': False, 'test_result_base': None}
[0.555s] INFO:colcon.colcon_core.executor:Executing jobs using 'parallel' executor
[0.559s] DEBUG:colcon.colcon_parallel_executor.executor.parallel:run_until_complete
[0.559s] INFO:colcon.colcon_ros.task.ament_cmake.build:Building ROS package in '/home/burkehill/ad2/ad2_robot' with build type 'ament_cmake'
[0.559s] INFO:colcon.colcon_cmake.task.cmake.build:Building CMake package in '/home/burkehill/ad2/ad2_robot'
[0.566s] INFO:colcon.colcon_core.plugin_system:Skipping extension 'colcon_core.shell.bat': Not used on non-Windows systems
[0.566s] INFO:colcon.colcon_core.shell:Skip shell extension 'powershell' for command environment: Not usable outside of PowerShell
[0.566s] DEBUG:colcon.colcon_core.shell:Skip shell extension 'dsv' for command environment
[0.570s] DEBUG:colcon.colcon_core.shell:Ignoring prefix path '/opt/ros/foxy'
[0.608s] DEBUG:colcon.colcon_core.event_handler.log_command:Invoking command in '/home/burkehill/ad2/build/ad2_robot': CMAKE_PREFIX_PATH=${CMAKE_PREFIX_PATH}:/opt/ros/foxy /usr/bin/cmake --build /home/burkehill/ad2/build/ad2_robot -- -j2 -l2
[0.742s] DEBUG:colcon.colcon_core.event_handler.log_command:Invoked command in '/home/burkehill/ad2/build/ad2_robot' returned '0': CMAKE_PREFIX_PATH=${CMAKE_PREFIX_PATH}:/opt/ros/foxy /usr/bin/cmake --build /home/burkehill/ad2/build/ad2_robot -- -j2 -l2
[0.859s] DEBUG:colcon.colcon_core.event_handler.log_command:Invoking command in '/home/burkehill/ad2/build/ad2_robot': CMAKE_PREFIX_PATH=${CMAKE_PREFIX_PATH}:/opt/ros/foxy /usr/bin/cmake --install /home/burkehill/ad2/build/ad2_robot
[0.914s] Level 1:colcon.colcon_core.environment:create_environment_scripts_only(ad2_robot)
[0.917s] DEBUG:colcon.colcon_core.event_handler.log_command:Invoked command in '/home/burkehill/ad2/build/ad2_robot' returned '0': CMAKE_PREFIX_PATH=${CMAKE_PREFIX_PATH}:/opt/ros/foxy /usr/bin/cmake --install /home/burkehill/ad2/build/ad2_robot
[0.928s] Level 1:colcon.colcon_core.environment:checking '/home/burkehill/ad2/install/ad2_robot' for CMake module files
[0.929s] Level 1:colcon.colcon_core.environment:checking '/home/burkehill/ad2/install/ad2_robot' for CMake config files
[0.930s] Level 1:colcon.colcon_core.shell:create_environment_hook('ad2_robot', 'cmake_prefix_path')
[0.931s] INFO:colcon.colcon_core.shell:Creating environment hook '/home/burkehill/ad2/install/ad2_robot/share/ad2_robot/hook/cmake_prefix_path.ps1'
[0.932s] INFO:colcon.colcon_core.shell:Creating environment descriptor '/home/burkehill/ad2/install/ad2_robot/share/ad2_robot/hook/cmake_prefix_path.dsv'
[0.933s] INFO:colcon.colcon_core.shell:Creating environment hook '/home/burkehill/ad2/install/ad2_robot/share/ad2_robot/hook/cmake_prefix_path.sh'
[0.936s] Level 1:colcon.colcon_core.environment:checking '/home/burkehill/ad2/install/ad2_robot/bin'
[0.936s] Level 1:colcon.colcon_core.environment:checking '/home/burkehill/ad2/install/ad2_robot/lib/pkgconfig/ad2_robot.pc'
[0.936s] Level 1:colcon.colcon_core.environment:checking '/home/burkehill/ad2/install/ad2_robot/lib/python3.8/site-packages'
[0.937s] INFO:colcon.colcon_core.shell:Creating package script '/home/burkehill/ad2/install/ad2_robot/share/ad2_robot/package.ps1'
[0.938s] INFO:colcon.colcon_core.shell:Creating package descriptor '/home/burkehill/ad2/install/ad2_robot/share/ad2_robot/package.dsv'
[0.939s] INFO:colcon.colcon_core.shell:Creating package script '/home/burkehill/ad2/install/ad2_robot/share/ad2_robot/package.sh'
[0.940s] INFO:colcon.colcon_core.shell:Creating package script '/home/burkehill/ad2/install/ad2_robot/share/ad2_robot/package.bash'
[0.941s] INFO:colcon.colcon_core.shell:Creating package script '/home/burkehill/ad2/install/ad2_robot/share/ad2_robot/package.zsh'
[0.942s] Level 1:colcon.colcon_core.environment:create_file_with_runtime_dependencies(/home/burkehill/ad2/install/ad2_robot/share/colcon-core/packages/ad2_robot)
[1.025s] Level 1:colcon.colcon_core.environment:create_environment_scripts_only(ad2_robot)
[1.027s] Level 1:colcon.colcon_core.environment:checking '/home/burkehill/ad2/install/ad2_robot' for CMake module files
[1.028s] Level 1:colcon.colcon_core.environment:checking '/home/burkehill/ad2/install/ad2_robot' for CMake config files
[1.029s] Level 1:colcon.colcon_core.shell:create_environment_hook('ad2_robot', 'cmake_prefix_path')
[1.031s] INFO:colcon.colcon_core.shell:Creating environment hook '/home/burkehill/ad2/install/ad2_robot/share/ad2_robot/hook/cmake_prefix_path.ps1'
[1.032s] INFO:colcon.colcon_core.shell:Creating environment descriptor '/home/burkehill/ad2/install/ad2_robot/share/ad2_robot/hook/cmake_prefix_path.dsv'
[1.033s] INFO:colcon.colcon_core.shell:Creating environment hook '/home/burkehill/ad2/install/ad2_robot/share/ad2_robot/hook/cmake_prefix_path.sh'
[1.034s] Level 1:colcon.colcon_core.environment:checking '/home/burkehill/ad2/install/ad2_robot/bin'
[1.034s] Level 1:colcon.colcon_core.environment:checking '/home/burkehill/ad2/install/ad2_robot/lib/pkgconfig/ad2_robot.pc'
[1.035s] Level 1:colcon.colcon_core.environment:checking '/home/burkehill/ad2/install/ad2_robot/lib/python3.8/site-packages'
[1.035s] INFO:colcon.colcon_core.shell:Creating package script '/home/burkehill/ad2/install/ad2_robot/share/ad2_robot/package.ps1'
[1.036s] INFO:colcon.colcon_core.shell:Creating package descriptor '/home/burkehill/ad2/install/ad2_robot/share/ad2_robot/package.dsv'
[1.037s] INFO:colcon.colcon_core.shell:Creating package script '/home/burkehill/ad2/install/ad2_robot/share/ad2_robot/package.sh'
[1.038s] INFO:colcon.colcon_core.shell:Creating package script '/home/burkehill/ad2/install/ad2_robot/share/ad2_robot/package.bash'
[1.039s] INFO:colcon.colcon_core.shell:Creating package script '/home/burkehill/ad2/install/ad2_robot/share/ad2_robot/package.zsh'
[1.040s] Level 1:colcon.colcon_core.environment:create_file_with_runtime_dependencies(/home/burkehill/ad2/install/ad2_robot/share/colcon-core/packages/ad2_robot)
[1.041s] DEBUG:colcon.colcon_parallel_executor.executor.parallel:closing loop
[1.042s] DEBUG:colcon.colcon_parallel_executor.executor.parallel:loop closed
[1.042s] DEBUG:colcon.colcon_parallel_executor.executor.parallel:run_until_complete finished with '0'
[1.042s] DEBUG:colcon.colcon_core.event_reactor:joining thread
[1.061s] INFO:colcon.colcon_core.plugin_system:Skipping extension 'colcon_notification.desktop_notification.terminal_notifier': Not used on non-Darwin systems
[1.061s] INFO:colcon.colcon_core.plugin_system:Skipping extension 'colcon_notification.desktop_notification.win32': Not used on non-Windows systems
[1.062s] INFO:colcon.colcon_notification.desktop_notification:Sending desktop notification using 'notify2'
[1.093s] DEBUG:colcon.colcon_core.event_reactor:joined thread
[1.094s] INFO:colcon.colcon_core.shell:Creating prefix script '/home/burkehill/ad2/install/local_setup.ps1'
[1.095s] INFO:colcon.colcon_core.shell:Creating prefix util module '/home/burkehill/ad2/install/_local_setup_util_ps1.py'
[1.098s] INFO:colcon.colcon_core.shell:Creating prefix chain script '/home/burkehill/ad2/install/setup.ps1'
[1.104s] INFO:colcon.colcon_core.shell:Creating prefix script '/home/burkehill/ad2/install/local_setup.sh'
[1.106s] INFO:colcon.colcon_core.shell:Creating prefix util module '/home/burkehill/ad2/install/_local_setup_util_sh.py'
[1.108s] INFO:colcon.colcon_core.shell:Creating prefix chain script '/home/burkehill/ad2/install/setup.sh'
[1.111s] INFO:colcon.colcon_core.shell:Creating prefix script '/home/burkehill/ad2/install/local_setup.bash'
[1.112s] INFO:colcon.colcon_core.shell:Creating prefix chain script '/home/burkehill/ad2/install/setup.bash'
[1.115s] INFO:colcon.colcon_core.shell:Creating prefix script '/home/burkehill/ad2/install/local_setup.zsh'
[1.116s] INFO:colcon.colcon_core.shell:Creating prefix chain script '/home/burkehill/ad2/install/setup.zsh'
