[0.036s] Invoking command in '/home/burkehill/ad2/build/ad2_robot': CMAKE_PREFIX_PATH=${CMAKE_PREFIX_PATH}:/opt/ros/foxy /usr/bin/cmake --build /home/burkehill/ad2/build/ad2_robot -- -j2 -l2
[0.165s] Invoked command in '/home/burkehill/ad2/build/ad2_robot' returned '0': CMAKE_PREFIX_PATH=${CMAKE_PREFIX_PATH}:/opt/ros/foxy /usr/bin/cmake --build /home/burkehill/ad2/build/ad2_robot -- -j2 -l2
[0.215s] Invoking command in '/home/burkehill/ad2/build/ad2_robot': CMAKE_PREFIX_PATH=${CMAKE_PREFIX_PATH}:/opt/ros/foxy /usr/bin/cmake --install /home/burkehill/ad2/build/ad2_robot
[0.229s] -- Install configuration: ""
[0.230s] -- Up-to-date: /home/burkehill/ad2/install/ad2_robot/share/ad2_robot/config
[0.230s] -- Up-to-date: /home/burkehill/ad2/install/ad2_robot/share/ad2_robot/launch
[0.232s] -- Up-to-date: /home/burkehill/ad2/install/ad2_robot/share/ad2_robot/launch/ad2.launch.py
[0.232s] -- Up-to-date: /home/burkehill/ad2/install/ad2_robot/share/ad2_robot/maps
[0.233s] -- Up-to-date: /home/burkehill/ad2/install/ad2_robot/share/ad2_robot/meshes
[0.233s] -- Up-to-date: /home/burkehill/ad2/install/ad2_robot/share/ad2_robot/meshes/arm_base.stl
[0.234s] -- Up-to-date: /home/burkehill/ad2/install/ad2_robot/share/ad2_robot/meshes/robot_base.stl
[0.234s] -- Up-to-date: /home/burkehill/ad2/install/ad2_robot/share/ad2_robot/meshes/bicep.stl
[0.234s] -- Up-to-date: /home/burkehill/ad2/install/ad2_robot/share/ad2_robot/meshes/elbow.stl
[0.234s] -- Up-to-date: /home/burkehill/ad2/install/ad2_robot/share/ad2_robot/meshes/wrist.stl
[0.234s] -- Up-to-date: /home/burkehill/ad2/install/ad2_robot/share/ad2_robot/meshes/wheel.stl
[0.234s] -- Up-to-date: /home/burkehill/ad2/install/ad2_robot/share/ad2_robot/models
[0.236s] -- Up-to-date: /home/burkehill/ad2/install/ad2_robot/share/ad2_robot/models/ad2_model.urdf
[0.236s] -- Up-to-date: /home/burkehill/ad2/install/ad2_robot/share/ad2_robot/models/ad2_description
[0.237s] -- Up-to-date: /home/burkehill/ad2/install/ad2_robot/share/ad2_robot/models/ad2_description/meshes
[0.238s] -- Up-to-date: /home/burkehill/ad2/install/ad2_robot/share/ad2_robot/models/ad2_description/meshes/arm_base.stl
[0.238s] -- Up-to-date: /home/burkehill/ad2/install/ad2_robot/share/ad2_robot/models/ad2_description/meshes/robot_base.stl
[0.238s] -- Up-to-date: /home/burkehill/ad2/install/ad2_robot/share/ad2_robot/models/ad2_description/meshes/bicep.stl
[0.238s] -- Up-to-date: /home/burkehill/ad2/install/ad2_robot/share/ad2_robot/models/ad2_description/meshes/elbow.stl
[0.239s] -- Up-to-date: /home/burkehill/ad2/install/ad2_robot/share/ad2_robot/models/ad2_description/meshes/wrist.stl
[0.239s] -- Up-to-date: /home/burkehill/ad2/install/ad2_robot/share/ad2_robot/models/ad2_description/meshes/wheel.stl
[0.239s] -- Up-to-date: /home/burkehill/ad2/install/ad2_robot/share/ad2_robot/models/ad2_description/model.sdf
[0.239s] -- Up-to-date: /home/burkehill/ad2/install/ad2_robot/share/ad2_robot/models/ad2_description/model.config
[0.239s] -- Up-to-date: /home/burkehill/ad2/install/ad2_robot/share/ad2_robot/params
[0.240s] -- Up-to-date: /home/burkehill/ad2/install/ad2_robot/share/ad2_robot/rviz
[0.240s] -- Up-to-date: /home/burkehill/ad2/install/ad2_robot/share/ad2_robot/rviz/urdf_config.rviz
[0.241s] -- Up-to-date: /home/burkehill/ad2/install/ad2_robot/share/ad2_robot/src
[0.241s] -- Up-to-date: /home/burkehill/ad2/install/ad2_robot/share/ad2_robot/worlds
[0.243s] -- Up-to-date: /home/burkehill/ad2/install/ad2_robot/share/ad2_robot/worlds/basic_world
[0.244s] -- Up-to-date: /home/burkehill/ad2/install/ad2_robot/share/ad2_robot/worlds/basic_world/my_world.sdf
[0.244s] -- Up-to-date: /home/burkehill/ad2/install/ad2_robot/share/ad2_robot/worlds/basic_world/smalltown.world
[0.246s] -- Up-to-date: /home/burkehill/ad2/install/ad2_robot/share/ament_index/resource_index/package_run_dependencies/ad2_robot
[0.246s] -- Up-to-date: /home/burkehill/ad2/install/ad2_robot/share/ament_index/resource_index/parent_prefix_path/ad2_robot
[0.246s] -- Up-to-date: /home/burkehill/ad2/install/ad2_robot/share/ad2_robot/environment/ament_prefix_path.sh
[0.246s] -- Up-to-date: /home/burkehill/ad2/install/ad2_robot/share/ad2_robot/environment/ament_prefix_path.dsv
[0.246s] -- Up-to-date: /home/burkehill/ad2/install/ad2_robot/share/ad2_robot/environment/path.sh
[0.247s] -- Up-to-date: /home/burkehill/ad2/install/ad2_robot/share/ad2_robot/environment/path.dsv
[0.247s] -- Up-to-date: /home/burkehill/ad2/install/ad2_robot/share/ad2_robot/local_setup.bash
[0.247s] -- Up-to-date: /home/burkehill/ad2/install/ad2_robot/share/ad2_robot/local_setup.sh
[0.247s] -- Up-to-date: /home/burkehill/ad2/install/ad2_robot/share/ad2_robot/local_setup.zsh
[0.248s] -- Up-to-date: /home/burkehill/ad2/install/ad2_robot/share/ad2_robot/local_setup.dsv
[0.248s] -- Installing: /home/burkehill/ad2/install/ad2_robot/share/ad2_robot/package.dsv
[0.249s] -- Up-to-date: /home/burkehill/ad2/install/ad2_robot/share/ament_index/resource_index/packages/ad2_robot
[0.249s] -- Up-to-date: /home/burkehill/ad2/install/ad2_robot/share/ad2_robot/cmake/ad2_robotConfig.cmake
[0.250s] -- Up-to-date: /home/burkehill/ad2/install/ad2_robot/share/ad2_robot/cmake/ad2_robotConfig-version.cmake
[0.250s] -- Up-to-date: /home/burkehill/ad2/install/ad2_robot/share/ad2_robot/package.xml
[0.253s] Invoked command in '/home/burkehill/ad2/build/ad2_robot' returned '0': CMAKE_PREFIX_PATH=${CMAKE_PREFIX_PATH}:/opt/ros/foxy /usr/bin/cmake --install /home/burkehill/ad2/build/ad2_robot
