[0.042s] Invoking command in '/home/burkehill/ad2/build/ad2_robot': CMAKE_PREFIX_PATH=/opt/ros/foxy /usr/bin/cmake --build /home/burkehill/ad2/build/ad2_robot -- -j2 -l2
[0.162s] Invoked command in '/home/burkehill/ad2/build/ad2_robot' returned '0': CMAKE_PREFIX_PATH=/opt/ros/foxy /usr/bin/cmake --build /home/burkehill/ad2/build/ad2_robot -- -j2 -l2
[0.267s] Invoking command in '/home/burkehill/ad2/build/ad2_robot': CMAKE_PREFIX_PATH=/opt/ros/foxy /usr/bin/cmake --install /home/burkehill/ad2/build/ad2_robot
[0.296s] -- Install configuration: ""
[0.297s] -- Up-to-date: /home/burkehill/ad2/install/ad2_robot/share/ad2_robot/config
[0.298s] -- Up-to-date: /home/burkehill/ad2/install/ad2_robot/share/ad2_robot/launch
[0.298s] -- Up-to-date: /home/burkehill/ad2/install/ad2_robot/share/ad2_robot/launch/ad2.launch.py
[0.299s] -- Up-to-date: /home/burkehill/ad2/install/ad2_robot/share/ad2_robot/maps
[0.299s] -- Up-to-date: /home/burkehill/ad2/install/ad2_robot/share/ad2_robot/meshes
[0.299s] -- Up-to-date: /home/burkehill/ad2/install/ad2_robot/share/ad2_robot/meshes/arm_base.stl
[0.300s] -- Up-to-date: /home/burkehill/ad2/install/ad2_robot/share/ad2_robot/meshes/robot_base.stl
[0.301s] -- Up-to-date: /home/burkehill/ad2/install/ad2_robot/share/ad2_robot/meshes/bicep.stl
[0.301s] -- Up-to-date: /home/burkehill/ad2/install/ad2_robot/share/ad2_robot/meshes/elbow.stl
[0.301s] -- Up-to-date: /home/burkehill/ad2/install/ad2_robot/share/ad2_robot/meshes/wrist.stl
[0.302s] -- Up-to-date: /home/burkehill/ad2/install/ad2_robot/share/ad2_robot/meshes/wheel.stl
[0.302s] -- Up-to-date: /home/burkehill/ad2/install/ad2_robot/share/ad2_robot/models
[0.303s] -- Up-to-date: /home/burkehill/ad2/install/ad2_robot/share/ad2_robot/models/ad2_model.urdf
[0.303s] -- Up-to-date: /home/burkehill/ad2/install/ad2_robot/share/ad2_robot/models/ad2_description
[0.303s] -- Up-to-date: /home/burkehill/ad2/install/ad2_robot/share/ad2_robot/models/ad2_description/meshes
[0.304s] -- Up-to-date: /home/burkehill/ad2/install/ad2_robot/share/ad2_robot/models/ad2_description/meshes/arm_base.stl
[0.304s] -- Up-to-date: /home/burkehill/ad2/install/ad2_robot/share/ad2_robot/models/ad2_description/meshes/robot_base.stl
[0.305s] -- Up-to-date: /home/burkehill/ad2/install/ad2_robot/share/ad2_robot/models/ad2_description/meshes/bicep.stl
[0.305s] -- Up-to-date: /home/burkehill/ad2/install/ad2_robot/share/ad2_robot/models/ad2_description/meshes/elbow.stl
[0.306s] -- Up-to-date: /home/burkehill/ad2/install/ad2_robot/share/ad2_robot/models/ad2_description/meshes/wrist.stl
[0.306s] -- Up-to-date: /home/burkehill/ad2/install/ad2_robot/share/ad2_robot/models/ad2_description/meshes/wheel.stl
[0.307s] -- Up-to-date: /home/burkehill/ad2/install/ad2_robot/share/ad2_robot/models/ad2_description/model.sdf
[0.307s] -- Up-to-date: /home/burkehill/ad2/install/ad2_robot/share/ad2_robot/models/ad2_description/model.config
[0.308s] -- Up-to-date: /home/burkehill/ad2/install/ad2_robot/share/ad2_robot/params
[0.308s] -- Up-to-date: /home/burkehill/ad2/install/ad2_robot/share/ad2_robot/rviz
[0.309s] -- Up-to-date: /home/burkehill/ad2/install/ad2_robot/share/ad2_robot/rviz/urdf_config.rviz
[0.309s] -- Up-to-date: /home/burkehill/ad2/install/ad2_robot/share/ad2_robot/src
[0.310s] -- Up-to-date: /home/burkehill/ad2/install/ad2_robot/share/ad2_robot/worlds
[0.310s] -- Up-to-date: /home/burkehill/ad2/install/ad2_robot/share/ad2_robot/worlds/basic_world
[0.311s] -- Installing: /home/burkehill/ad2/install/ad2_robot/share/ad2_robot/worlds/basic_world/smalltown.world
[0.312s] -- Up-to-date: /home/burkehill/ad2/install/ad2_robot/share/ament_index/resource_index/package_run_dependencies/ad2_robot
[0.312s] -- Up-to-date: /home/burkehill/ad2/install/ad2_robot/share/ament_index/resource_index/parent_prefix_path/ad2_robot
[0.313s] -- Up-to-date: /home/burkehill/ad2/install/ad2_robot/share/ad2_robot/environment/ament_prefix_path.sh
[0.313s] -- Up-to-date: /home/burkehill/ad2/install/ad2_robot/share/ad2_robot/environment/ament_prefix_path.dsv
[0.314s] -- Up-to-date: /home/burkehill/ad2/install/ad2_robot/share/ad2_robot/environment/path.sh
[0.314s] -- Up-to-date: /home/burkehill/ad2/install/ad2_robot/share/ad2_robot/environment/path.dsv
[0.314s] -- Up-to-date: /home/burkehill/ad2/install/ad2_robot/share/ad2_robot/local_setup.bash
[0.315s] -- Up-to-date: /home/burkehill/ad2/install/ad2_robot/share/ad2_robot/local_setup.sh
[0.315s] -- Up-to-date: /home/burkehill/ad2/install/ad2_robot/share/ad2_robot/local_setup.zsh
[0.316s] -- Up-to-date: /home/burkehill/ad2/install/ad2_robot/share/ad2_robot/local_setup.dsv
[0.316s] -- Installing: /home/burkehill/ad2/install/ad2_robot/share/ad2_robot/package.dsv
[0.317s] -- Up-to-date: /home/burkehill/ad2/install/ad2_robot/share/ament_index/resource_index/packages/ad2_robot
[0.317s] -- Up-to-date: /home/burkehill/ad2/install/ad2_robot/share/ad2_robot/cmake/ad2_robotConfig.cmake
[0.318s] -- Up-to-date: /home/burkehill/ad2/install/ad2_robot/share/ad2_robot/cmake/ad2_robotConfig-version.cmake
[0.318s] -- Up-to-date: /home/burkehill/ad2/install/ad2_robot/share/ad2_robot/package.xml
[0.328s] Invoked command in '/home/burkehill/ad2/build/ad2_robot' returned '0': CMAKE_PREFIX_PATH=/opt/ros/foxy /usr/bin/cmake --install /home/burkehill/ad2/build/ad2_robot
