-- Install configuration: ""
-- Up-to-date: /home/burkehill/ad2/install/ad2_robot/share/ad2_robot/config
-- Up-to-date: /home/burkehill/ad2/install/ad2_robot/share/ad2_robot/config/ekf.yaml
-- Up-to-date: /home/burkehill/ad2/install/ad2_robot/share/ad2_robot/launch
-- Up-to-date: /home/burkehill/ad2/install/ad2_robot/share/ad2_robot/launch/install
-- Up-to-date: /home/burkehill/ad2/install/ad2_robot/share/ad2_robot/launch/install/local_setup.zsh
-- Up-to-date: /home/burkehill/ad2/install/ad2_robot/share/ad2_robot/launch/install/setup.bash
-- Up-to-date: /home/burkehill/ad2/install/ad2_robot/share/ad2_robot/launch/install/setup.zsh
-- Up-to-date: /home/burkehill/ad2/install/ad2_robot/share/ad2_robot/launch/install/COLCON_IGNORE
-- Up-to-date: /home/burkehill/ad2/install/ad2_robot/share/ad2_robot/launch/install/_local_setup_util_ps1.py
-- Up-to-date: /home/burkehill/ad2/install/ad2_robot/share/ad2_robot/launch/install/setup.ps1
-- Up-to-date: /home/burkehill/ad2/install/ad2_robot/share/ad2_robot/launch/install/local_setup.sh
-- Up-to-date: /home/burkehill/ad2/install/ad2_robot/share/ad2_robot/launch/install/_local_setup_util_sh.py
-- Up-to-date: /home/burkehill/ad2/install/ad2_robot/share/ad2_robot/launch/install/setup.sh
-- Up-to-date: /home/burkehill/ad2/install/ad2_robot/share/ad2_robot/launch/install/local_setup.ps1
-- Up-to-date: /home/burkehill/ad2/install/ad2_robot/share/ad2_robot/launch/install/local_setup.bash
-- Up-to-date: /home/burkehill/ad2/install/ad2_robot/share/ad2_robot/launch/install/.colcon_install_layout
-- Up-to-date: /home/burkehill/ad2/install/ad2_robot/share/ad2_robot/launch/ad2v4.launch.py
-- Up-to-date: /home/burkehill/ad2/install/ad2_robot/share/ad2_robot/launch/ad2.launch.py
-- Up-to-date: /home/burkehill/ad2/install/ad2_robot/share/ad2_robot/launch/ad2rviz.launch.py
-- Up-to-date: /home/burkehill/ad2/install/ad2_robot/share/ad2_robot/launch/ad2again.launch.py
-- Up-to-date: /home/burkehill/ad2/install/ad2_robot/share/ad2_robot/launch/ad2v5.launch.py
-- Up-to-date: /home/burkehill/ad2/install/ad2_robot/share/ad2_robot/launch/log
-- Up-to-date: /home/burkehill/ad2/install/ad2_robot/share/ad2_robot/launch/log/latest_build
-- Up-to-date: /home/burkehill/ad2/install/ad2_robot/share/ad2_robot/launch/log/latest_build/logger_all.log
-- Up-to-date: /home/burkehill/ad2/install/ad2_robot/share/ad2_robot/launch/log/latest_build/events.log
-- Up-to-date: /home/burkehill/ad2/install/ad2_robot/share/ad2_robot/launch/log/build_2022-02-03_10-32-09
-- Up-to-date: /home/burkehill/ad2/install/ad2_robot/share/ad2_robot/launch/log/build_2022-02-03_10-32-09/logger_all.log
-- Up-to-date: /home/burkehill/ad2/install/ad2_robot/share/ad2_robot/launch/log/build_2022-02-03_10-32-09/events.log
-- Up-to-date: /home/burkehill/ad2/install/ad2_robot/share/ad2_robot/launch/log/COLCON_IGNORE
-- Up-to-date: /home/burkehill/ad2/install/ad2_robot/share/ad2_robot/launch/log/build_2022-02-03_10-32-45
-- Up-to-date: /home/burkehill/ad2/install/ad2_robot/share/ad2_robot/launch/log/build_2022-02-03_10-32-45/logger_all.log
-- Up-to-date: /home/burkehill/ad2/install/ad2_robot/share/ad2_robot/launch/log/build_2022-02-03_10-32-45/events.log
-- Up-to-date: /home/burkehill/ad2/install/ad2_robot/share/ad2_robot/launch/build
-- Up-to-date: /home/burkehill/ad2/install/ad2_robot/share/ad2_robot/launch/build/.built_by
-- Up-to-date: /home/burkehill/ad2/install/ad2_robot/share/ad2_robot/launch/build/COLCON_IGNORE
-- Up-to-date: /home/burkehill/ad2/install/ad2_robot/share/ad2_robot/maps
-- Up-to-date: /home/burkehill/ad2/install/ad2_robot/share/ad2_robot/maps/smalltown_world.yaml
-- Up-to-date: /home/burkehill/ad2/install/ad2_robot/share/ad2_robot/maps/smalltown_world.pgm
-- Up-to-date: /home/burkehill/ad2/install/ad2_robot/share/ad2_robot/meshes
-- Up-to-date: /home/burkehill/ad2/install/ad2_robot/share/ad2_robot/meshes/BLW.STL
-- Up-to-date: /home/burkehill/ad2/install/ad2_robot/share/ad2_robot/meshes/FRW.STL
-- Up-to-date: /home/burkehill/ad2/install/ad2_robot/share/ad2_robot/meshes/base_link.STL
-- Up-to-date: /home/burkehill/ad2/install/ad2_robot/share/ad2_robot/meshes/BRW.STL
-- Up-to-date: /home/burkehill/ad2/install/ad2_robot/share/ad2_robot/meshes/FLW.STL
-- Up-to-date: /home/burkehill/ad2/install/ad2_robot/share/ad2_robot/models
-- Up-to-date: /home/burkehill/ad2/install/ad2_robot/share/ad2_robot/models/ad2_model_withcam.urdf
-- Up-to-date: /home/burkehill/ad2/install/ad2_robot/share/ad2_robot/models/???
-- Up-to-date: /home/burkehill/ad2/install/ad2_robot/share/ad2_robot/models/???/mynew.sdf
-- Up-to-date: /home/burkehill/ad2/install/ad2_robot/share/ad2_robot/models/???/ad2_model_new.urdf
-- Up-to-date: /home/burkehill/ad2/install/ad2_robot/share/ad2_robot/models/???/my.sdf
-- Up-to-date: /home/burkehill/ad2/install/ad2_robot/share/ad2_robot/models/ad2_description
-- Up-to-date: /home/burkehill/ad2/install/ad2_robot/share/ad2_robot/models/ad2_description/model.config
-- Up-to-date: /home/burkehill/ad2/install/ad2_robot/share/ad2_robot/models/ad2_description/meshes
-- Up-to-date: /home/burkehill/ad2/install/ad2_robot/share/ad2_robot/models/ad2_description/meshes/elbow.stl
-- Up-to-date: /home/burkehill/ad2/install/ad2_robot/share/ad2_robot/models/ad2_description/meshes/wrist.stl
-- Up-to-date: /home/burkehill/ad2/install/ad2_robot/share/ad2_robot/models/ad2_description/meshes/wheel.stl
-- Up-to-date: /home/burkehill/ad2/install/ad2_robot/share/ad2_robot/models/ad2_description/meshes/bicep.stl
-- Up-to-date: /home/burkehill/ad2/install/ad2_robot/share/ad2_robot/models/ad2_description/meshes/robot_base.stl
-- Up-to-date: /home/burkehill/ad2/install/ad2_robot/share/ad2_robot/models/ad2_description/meshes/arm_base.stl
-- Up-to-date: /home/burkehill/ad2/install/ad2_robot/share/ad2_robot/models/ad2_description/model.sdf
-- Up-to-date: /home/burkehill/ad2/install/ad2_robot/share/ad2_robot/models/ad2_model.urdf
-- Up-to-date: /home/burkehill/ad2/install/ad2_robot/share/ad2_robot/params
-- Up-to-date: /home/burkehill/ad2/install/ad2_robot/share/ad2_robot/params/nav2_params.yaml
-- Up-to-date: /home/burkehill/ad2/install/ad2_robot/share/ad2_robot/rviz
-- Up-to-date: /home/burkehill/ad2/install/ad2_robot/share/ad2_robot/rviz/nav2_config.rviz
-- Up-to-date: /home/burkehill/ad2/install/ad2_robot/share/ad2_robot/rviz/urdf_config.rviz
-- Up-to-date: /home/burkehill/ad2/install/ad2_robot/share/ad2_robot/src
-- Up-to-date: /home/burkehill/ad2/install/ad2_robot/share/ad2_robot/worlds
-- Up-to-date: /home/burkehill/ad2/install/ad2_robot/share/ad2_robot/worlds/basic_world
-- Up-to-date: /home/burkehill/ad2/install/ad2_robot/share/ad2_robot/worlds/basic_world/my_world.sdf
-- Up-to-date: /home/burkehill/ad2/install/ad2_robot/share/ad2_robot/worlds/basic_world/smalltown.world
-- Up-to-date: /home/burkehill/ad2/install/ad2_robot/share/ament_index/resource_index/package_run_dependencies/ad2_robot
-- Up-to-date: /home/burkehill/ad2/install/ad2_robot/share/ament_index/resource_index/parent_prefix_path/ad2_robot
-- Up-to-date: /home/burkehill/ad2/install/ad2_robot/share/ad2_robot/environment/ament_prefix_path.sh
-- Up-to-date: /home/burkehill/ad2/install/ad2_robot/share/ad2_robot/environment/ament_prefix_path.dsv
-- Up-to-date: /home/burkehill/ad2/install/ad2_robot/share/ad2_robot/environment/path.sh
-- Up-to-date: /home/burkehill/ad2/install/ad2_robot/share/ad2_robot/environment/path.dsv
-- Up-to-date: /home/burkehill/ad2/install/ad2_robot/share/ad2_robot/local_setup.bash
-- Up-to-date: /home/burkehill/ad2/install/ad2_robot/share/ad2_robot/local_setup.sh
-- Up-to-date: /home/burkehill/ad2/install/ad2_robot/share/ad2_robot/local_setup.zsh
-- Up-to-date: /home/burkehill/ad2/install/ad2_robot/share/ad2_robot/local_setup.dsv
-- Installing: /home/burkehill/ad2/install/ad2_robot/share/ad2_robot/package.dsv
-- Up-to-date: /home/burkehill/ad2/install/ad2_robot/share/ament_index/resource_index/packages/ad2_robot
-- Up-to-date: /home/burkehill/ad2/install/ad2_robot/share/ad2_robot/cmake/ad2_robotConfig.cmake
-- Up-to-date: /home/burkehill/ad2/install/ad2_robot/share/ad2_robot/cmake/ad2_robotConfig-version.cmake
-- Up-to-date: /home/burkehill/ad2/install/ad2_robot/share/ad2_robot/package.xml
