-- The C compiler identification is GNU 9.3.0
-- The CXX compiler identification is GNU 9.3.0
-- Check for working C compiler: /usr/bin/cc
-- Check for working C compiler: /usr/bin/cc -- works
-- Detecting C compiler ABI info
-- Detecting C compiler ABI info - done
-- Detecting C compile features
-- Detecting C compile features - done
-- Check for working CXX compiler: /usr/bin/c++
-- Check for working CXX compiler: /usr/bin/c++ -- works
-- Detecting CXX compiler ABI info
-- Detecting CXX compiler ABI info - done
-- Detecting CXX compile features
-- Detecting CXX compile features - done
-- Found ament_cmake: 0.9.9 (/opt/ros/foxy/share/ament_cmake/cmake)
-- Found PythonInterp: /usr/bin/python3 (found suitable version "3.8.10", minimum required is "3") 
-- Using PYTHON_EXECUTABLE: /usr/bin/python3
-- Found ament_lint_auto: 0.9.6 (/opt/ros/foxy/share/ament_lint_auto/cmake)
-- Added test 'copyright' to check source files copyright and LICENSE
-- Added test 'flake8' to check Python code syntax and style conventions
-- Added test 'lint_cmake' to check CMake code style
-- Added test 'pep257' to check Python code against some of the style conventions in PEP 257
-- Added test 'xmllint' to check XML markup files
-- Configuring done
-- Generating done
-- Build files have been written to: /home/burkehill/ad2/build/basic_mobile_robot
-- Install configuration: ""
-- Installing: /home/burkehill/ad2/install/basic_mobile_robot/share/basic_mobile_robot/config
-- Installing: /home/burkehill/ad2/install/basic_mobile_robot/share/basic_mobile_robot/config/ekf.yaml
-- Installing: /home/burkehill/ad2/install/basic_mobile_robot/share/basic_mobile_robot/launch
-- Installing: /home/burkehill/ad2/install/basic_mobile_robot/share/basic_mobile_robot/launch/ad2v3.launch.py
-- Installing: /home/burkehill/ad2/install/basic_mobile_robot/share/basic_mobile_robot/launch/log
-- Installing: /home/burkehill/ad2/install/basic_mobile_robot/share/basic_mobile_robot/launch/log/build_2022-02-03_10-32-09
-- Installing: /home/burkehill/ad2/install/basic_mobile_robot/share/basic_mobile_robot/launch/log/build_2022-02-03_10-32-09/events.log
-- Installing: /home/burkehill/ad2/install/basic_mobile_robot/share/basic_mobile_robot/launch/log/build_2022-02-03_10-32-09/logger_all.log
-- Installing: /home/burkehill/ad2/install/basic_mobile_robot/share/basic_mobile_robot/launch/log/latest_build
-- Installing: /home/burkehill/ad2/install/basic_mobile_robot/share/basic_mobile_robot/launch/log/latest
-- Installing: /home/burkehill/ad2/install/basic_mobile_robot/share/basic_mobile_robot/launch/log/COLCON_IGNORE
-- Installing: /home/burkehill/ad2/install/basic_mobile_robot/share/basic_mobile_robot/launch/log/build_2022-02-03_10-32-45
-- Installing: /home/burkehill/ad2/install/basic_mobile_robot/share/basic_mobile_robot/launch/log/build_2022-02-03_10-32-45/events.log
-- Installing: /home/burkehill/ad2/install/basic_mobile_robot/share/basic_mobile_robot/launch/log/build_2022-02-03_10-32-45/logger_all.log
-- Installing: /home/burkehill/ad2/install/basic_mobile_robot/share/basic_mobile_robot/launch/build
-- Installing: /home/burkehill/ad2/install/basic_mobile_robot/share/basic_mobile_robot/launch/build/.built_by
-- Installing: /home/burkehill/ad2/install/basic_mobile_robot/share/basic_mobile_robot/launch/build/COLCON_IGNORE
-- Installing: /home/burkehill/ad2/install/basic_mobile_robot/share/basic_mobile_robot/launch/ad2.launch.py
-- Installing: /home/burkehill/ad2/install/basic_mobile_robot/share/basic_mobile_robot/launch/ad2rviz.launch.py
-- Installing: /home/burkehill/ad2/install/basic_mobile_robot/share/basic_mobile_robot/launch/install
-- Installing: /home/burkehill/ad2/install/basic_mobile_robot/share/basic_mobile_robot/launch/install/.colcon_install_layout
-- Installing: /home/burkehill/ad2/install/basic_mobile_robot/share/basic_mobile_robot/launch/install/local_setup.zsh
-- Installing: /home/burkehill/ad2/install/basic_mobile_robot/share/basic_mobile_robot/launch/install/local_setup.ps1
-- Installing: /home/burkehill/ad2/install/basic_mobile_robot/share/basic_mobile_robot/launch/install/COLCON_IGNORE
-- Installing: /home/burkehill/ad2/install/basic_mobile_robot/share/basic_mobile_robot/launch/install/_local_setup_util_ps1.py
-- Installing: /home/burkehill/ad2/install/basic_mobile_robot/share/basic_mobile_robot/launch/install/setup.sh
-- Installing: /home/burkehill/ad2/install/basic_mobile_robot/share/basic_mobile_robot/launch/install/_local_setup_util_sh.py
-- Installing: /home/burkehill/ad2/install/basic_mobile_robot/share/basic_mobile_robot/launch/install/setup.zsh
-- Installing: /home/burkehill/ad2/install/basic_mobile_robot/share/basic_mobile_robot/launch/install/local_setup.bash
-- Installing: /home/burkehill/ad2/install/basic_mobile_robot/share/basic_mobile_robot/launch/install/local_setup.sh
-- Installing: /home/burkehill/ad2/install/basic_mobile_robot/share/basic_mobile_robot/launch/install/setup.ps1
-- Installing: /home/burkehill/ad2/install/basic_mobile_robot/share/basic_mobile_robot/launch/install/setup.bash
-- Installing: /home/burkehill/ad2/install/basic_mobile_robot/share/basic_mobile_robot/maps
-- Installing: /home/burkehill/ad2/install/basic_mobile_robot/share/basic_mobile_robot/meshes
-- Installing: /home/burkehill/ad2/install/basic_mobile_robot/share/basic_mobile_robot/meshes/arm_base.stl
-- Installing: /home/burkehill/ad2/install/basic_mobile_robot/share/basic_mobile_robot/meshes/robot_base.stl
-- Installing: /home/burkehill/ad2/install/basic_mobile_robot/share/basic_mobile_robot/meshes/bicep.stl
-- Installing: /home/burkehill/ad2/install/basic_mobile_robot/share/basic_mobile_robot/meshes/elbow.stl
-- Installing: /home/burkehill/ad2/install/basic_mobile_robot/share/basic_mobile_robot/meshes/wrist.stl
-- Installing: /home/burkehill/ad2/install/basic_mobile_robot/share/basic_mobile_robot/meshes/wheel.stl
-- Installing: /home/burkehill/ad2/install/basic_mobile_robot/share/basic_mobile_robot/models
-- Installing: /home/burkehill/ad2/install/basic_mobile_robot/share/basic_mobile_robot/models/ad2_model.urdf
-- Installing: /home/burkehill/ad2/install/basic_mobile_robot/share/basic_mobile_robot/models/ad2_description
-- Installing: /home/burkehill/ad2/install/basic_mobile_robot/share/basic_mobile_robot/models/ad2_description/meshes
-- Installing: /home/burkehill/ad2/install/basic_mobile_robot/share/basic_mobile_robot/models/ad2_description/meshes/arm_base.stl
-- Installing: /home/burkehill/ad2/install/basic_mobile_robot/share/basic_mobile_robot/models/ad2_description/meshes/robot_base.stl
-- Installing: /home/burkehill/ad2/install/basic_mobile_robot/share/basic_mobile_robot/models/ad2_description/meshes/bicep.stl
-- Installing: /home/burkehill/ad2/install/basic_mobile_robot/share/basic_mobile_robot/models/ad2_description/meshes/elbow.stl
-- Installing: /home/burkehill/ad2/install/basic_mobile_robot/share/basic_mobile_robot/models/ad2_description/meshes/wrist.stl
-- Installing: /home/burkehill/ad2/install/basic_mobile_robot/share/basic_mobile_robot/models/ad2_description/meshes/wheel.stl
-- Installing: /home/burkehill/ad2/install/basic_mobile_robot/share/basic_mobile_robot/models/ad2_description/model.sdf
-- Installing: /home/burkehill/ad2/install/basic_mobile_robot/share/basic_mobile_robot/models/ad2_description/model.config
-- Installing: /home/burkehill/ad2/install/basic_mobile_robot/share/basic_mobile_robot/params
-- Installing: /home/burkehill/ad2/install/basic_mobile_robot/share/basic_mobile_robot/rviz
-- Installing: /home/burkehill/ad2/install/basic_mobile_robot/share/basic_mobile_robot/rviz/urdf_config.rviz
-- Installing: /home/burkehill/ad2/install/basic_mobile_robot/share/basic_mobile_robot/src
-- Installing: /home/burkehill/ad2/install/basic_mobile_robot/share/basic_mobile_robot/worlds
-- Installing: /home/burkehill/ad2/install/basic_mobile_robot/share/basic_mobile_robot/worlds/basic_world
-- Installing: /home/burkehill/ad2/install/basic_mobile_robot/share/basic_mobile_robot/worlds/basic_world/my_world.sdf
-- Installing: /home/burkehill/ad2/install/basic_mobile_robot/share/basic_mobile_robot/worlds/basic_world/smalltown.world
-- Installing: /home/burkehill/ad2/install/basic_mobile_robot/share/ament_index/resource_index/package_run_dependencies/basic_mobile_robot
-- Installing: /home/burkehill/ad2/install/basic_mobile_robot/share/ament_index/resource_index/parent_prefix_path/basic_mobile_robot
-- Installing: /home/burkehill/ad2/install/basic_mobile_robot/share/basic_mobile_robot/environment/ament_prefix_path.sh
-- Installing: /home/burkehill/ad2/install/basic_mobile_robot/share/basic_mobile_robot/environment/ament_prefix_path.dsv
-- Installing: /home/burkehill/ad2/install/basic_mobile_robot/share/basic_mobile_robot/environment/path.sh
-- Installing: /home/burkehill/ad2/install/basic_mobile_robot/share/basic_mobile_robot/environment/path.dsv
-- Installing: /home/burkehill/ad2/install/basic_mobile_robot/share/basic_mobile_robot/local_setup.bash
-- Installing: /home/burkehill/ad2/install/basic_mobile_robot/share/basic_mobile_robot/local_setup.sh
-- Installing: /home/burkehill/ad2/install/basic_mobile_robot/share/basic_mobile_robot/local_setup.zsh
-- Installing: /home/burkehill/ad2/install/basic_mobile_robot/share/basic_mobile_robot/local_setup.dsv
-- Installing: /home/burkehill/ad2/install/basic_mobile_robot/share/basic_mobile_robot/package.dsv
-- Installing: /home/burkehill/ad2/install/basic_mobile_robot/share/ament_index/resource_index/packages/basic_mobile_robot
-- Installing: /home/burkehill/ad2/install/basic_mobile_robot/share/basic_mobile_robot/cmake/basic_mobile_robotConfig.cmake
-- Installing: /home/burkehill/ad2/install/basic_mobile_robot/share/basic_mobile_robot/cmake/basic_mobile_robotConfig-version.cmake
-- Installing: /home/burkehill/ad2/install/basic_mobile_robot/share/basic_mobile_robot/package.xml
