[0.011s] Invoking command in '/home/burkehill/ad2/build/ad2_robot': CMAKE_PREFIX_PATH=/opt/ros/foxy /usr/bin/cmake --build /home/burkehill/ad2/build/ad2_robot -- -j8 -l8
[0.038s] Invoked command in '/home/burkehill/ad2/build/ad2_robot' returned '0': CMAKE_PREFIX_PATH=/opt/ros/foxy /usr/bin/cmake --build /home/burkehill/ad2/build/ad2_robot -- -j8 -l8
[0.056s] Invoking command in '/home/burkehill/ad2/build/ad2_robot': CMAKE_PREFIX_PATH=/opt/ros/foxy /usr/bin/cmake --install /home/burkehill/ad2/build/ad2_robot
[0.061s] -- Install configuration: ""
[0.061s] -- Up-to-date: /home/burkehill/ad2/install/ad2_robot/share/ad2_robot/config
[0.061s] -- Up-to-date: /home/burkehill/ad2/install/ad2_robot/share/ad2_robot/config/ekf.yaml
[0.061s] -- Up-to-date: /home/burkehill/ad2/install/ad2_robot/share/ad2_robot/launch
[0.061s] -- Up-to-date: /home/burkehill/ad2/install/ad2_robot/share/ad2_robot/launch/install
[0.062s] -- Up-to-date: /home/burkehill/ad2/install/ad2_robot/share/ad2_robot/launch/install/local_setup.zsh
[0.062s] -- Up-to-date: /home/burkehill/ad2/install/ad2_robot/share/ad2_robot/launch/install/setup.bash
[0.062s] -- Up-to-date: /home/burkehill/ad2/install/ad2_robot/share/ad2_robot/launch/install/setup.zsh
[0.062s] -- Up-to-date: /home/burkehill/ad2/install/ad2_robot/share/ad2_robot/launch/install/COLCON_IGNORE
[0.062s] -- Up-to-date: /home/burkehill/ad2/install/ad2_robot/share/ad2_robot/launch/install/_local_setup_util_ps1.py
[0.062s] -- Up-to-date: /home/burkehill/ad2/install/ad2_robot/share/ad2_robot/launch/install/setup.ps1
[0.062s] -- Up-to-date: /home/burkehill/ad2/install/ad2_robot/share/ad2_robot/launch/install/local_setup.sh
[0.062s] -- Up-to-date: /home/burkehill/ad2/install/ad2_robot/share/ad2_robot/launch/install/_local_setup_util_sh.py
[0.063s] -- Up-to-date: /home/burkehill/ad2/install/ad2_robot/share/ad2_robot/launch/install/setup.sh
[0.063s] -- Up-to-date: /home/burkehill/ad2/install/ad2_robot/share/ad2_robot/launch/install/local_setup.ps1
[0.063s] -- Up-to-date: /home/burkehill/ad2/install/ad2_robot/share/ad2_robot/launch/install/local_setup.bash
[0.063s] -- Up-to-date: /home/burkehill/ad2/install/ad2_robot/share/ad2_robot/launch/install/.colcon_install_layout
[0.063s] -- Up-to-date: /home/burkehill/ad2/install/ad2_robot/share/ad2_robot/launch/ad2v4.launch.py
[0.063s] -- Up-to-date: /home/burkehill/ad2/install/ad2_robot/share/ad2_robot/launch/ad2.launch.py
[0.063s] -- Up-to-date: /home/burkehill/ad2/install/ad2_robot/share/ad2_robot/launch/ad2rviz.launch.py
[0.063s] -- Up-to-date: /home/burkehill/ad2/install/ad2_robot/share/ad2_robot/launch/ad2again.launch.py
[0.063s] -- Up-to-date: /home/burkehill/ad2/install/ad2_robot/share/ad2_robot/launch/ad2v5.launch.py
[0.063s] -- Up-to-date: /home/burkehill/ad2/install/ad2_robot/share/ad2_robot/launch/log
[0.063s] -- Up-to-date: /home/burkehill/ad2/install/ad2_robot/share/ad2_robot/launch/log/latest_build
[0.063s] -- Up-to-date: /home/burkehill/ad2/install/ad2_robot/share/ad2_robot/launch/log/latest_build/logger_all.log
[0.063s] -- Up-to-date: /home/burkehill/ad2/install/ad2_robot/share/ad2_robot/launch/log/latest_build/events.log
[0.063s] -- Up-to-date: /home/burkehill/ad2/install/ad2_robot/share/ad2_robot/launch/log/build_2022-02-03_10-32-09
[0.063s] -- Up-to-date: /home/burkehill/ad2/install/ad2_robot/share/ad2_robot/launch/log/build_2022-02-03_10-32-09/logger_all.log
[0.063s] -- Up-to-date: /home/burkehill/ad2/install/ad2_robot/share/ad2_robot/launch/log/build_2022-02-03_10-32-09/events.log
[0.064s] -- Up-to-date: /home/burkehill/ad2/install/ad2_robot/share/ad2_robot/launch/log/COLCON_IGNORE
[0.064s] -- Up-to-date: /home/burkehill/ad2/install/ad2_robot/share/ad2_robot/launch/log/build_2022-02-03_10-32-45
[0.064s] -- Up-to-date: /home/burkehill/ad2/install/ad2_robot/share/ad2_robot/launch/log/build_2022-02-03_10-32-45/logger_all.log
[0.064s] -- Up-to-date: /home/burkehill/ad2/install/ad2_robot/share/ad2_robot/launch/log/build_2022-02-03_10-32-45/events.log
[0.064s] -- Up-to-date: /home/burkehill/ad2/install/ad2_robot/share/ad2_robot/launch/build
[0.064s] -- Up-to-date: /home/burkehill/ad2/install/ad2_robot/share/ad2_robot/launch/build/.built_by
[0.064s] -- Up-to-date: /home/burkehill/ad2/install/ad2_robot/share/ad2_robot/launch/build/COLCON_IGNORE
[0.064s] -- Up-to-date: /home/burkehill/ad2/install/ad2_robot/share/ad2_robot/maps
[0.064s] -- Up-to-date: /home/burkehill/ad2/install/ad2_robot/share/ad2_robot/maps/smalltown_world.yaml
[0.064s] -- Up-to-date: /home/burkehill/ad2/install/ad2_robot/share/ad2_robot/maps/smalltown_world.pgm
[0.065s] -- Up-to-date: /home/burkehill/ad2/install/ad2_robot/share/ad2_robot/meshes
[0.065s] -- Up-to-date: /home/burkehill/ad2/install/ad2_robot/share/ad2_robot/meshes/BLW.STL
[0.065s] -- Up-to-date: /home/burkehill/ad2/install/ad2_robot/share/ad2_robot/meshes/FRW.STL
[0.065s] -- Up-to-date: /home/burkehill/ad2/install/ad2_robot/share/ad2_robot/meshes/base_link.STL
[0.065s] -- Up-to-date: /home/burkehill/ad2/install/ad2_robot/share/ad2_robot/meshes/BRW.STL
[0.065s] -- Up-to-date: /home/burkehill/ad2/install/ad2_robot/share/ad2_robot/meshes/FLW.STL
[0.065s] -- Up-to-date: /home/burkehill/ad2/install/ad2_robot/share/ad2_robot/models
[0.065s] -- Up-to-date: /home/burkehill/ad2/install/ad2_robot/share/ad2_robot/models/ad2_model_og.urdf
[0.065s] -- Up-to-date: /home/burkehill/ad2/install/ad2_robot/share/ad2_robot/models/???
[0.065s] -- Up-to-date: /home/burkehill/ad2/install/ad2_robot/share/ad2_robot/models/???/mynew.sdf
[0.065s] -- Up-to-date: /home/burkehill/ad2/install/ad2_robot/share/ad2_robot/models/???/ad2_model_new.urdf
[0.066s] -- Up-to-date: /home/burkehill/ad2/install/ad2_robot/share/ad2_robot/models/???/my.sdf
[0.066s] -- Up-to-date: /home/burkehill/ad2/install/ad2_robot/share/ad2_robot/models/ad2_description
[0.066s] -- Up-to-date: /home/burkehill/ad2/install/ad2_robot/share/ad2_robot/models/ad2_description/model.config
[0.066s] -- Up-to-date: /home/burkehill/ad2/install/ad2_robot/share/ad2_robot/models/ad2_description/meshes
[0.066s] -- Up-to-date: /home/burkehill/ad2/install/ad2_robot/share/ad2_robot/models/ad2_description/meshes/elbow.stl
[0.066s] -- Up-to-date: /home/burkehill/ad2/install/ad2_robot/share/ad2_robot/models/ad2_description/meshes/wrist.stl
[0.066s] -- Up-to-date: /home/burkehill/ad2/install/ad2_robot/share/ad2_robot/models/ad2_description/meshes/wheel.stl
[0.066s] -- Up-to-date: /home/burkehill/ad2/install/ad2_robot/share/ad2_robot/models/ad2_description/meshes/bicep.stl
[0.066s] -- Up-to-date: /home/burkehill/ad2/install/ad2_robot/share/ad2_robot/models/ad2_description/meshes/robot_base.stl
[0.066s] -- Up-to-date: /home/burkehill/ad2/install/ad2_robot/share/ad2_robot/models/ad2_description/meshes/arm_base.stl
[0.066s] -- Up-to-date: /home/burkehill/ad2/install/ad2_robot/share/ad2_robot/models/ad2_description/model.sdf
[0.066s] -- Installing: /home/burkehill/ad2/install/ad2_robot/share/ad2_robot/models/ad2_model.urdf
[0.067s] -- Up-to-date: /home/burkehill/ad2/install/ad2_robot/share/ad2_robot/params
[0.067s] -- Up-to-date: /home/burkehill/ad2/install/ad2_robot/share/ad2_robot/params/nav2_params.yaml
[0.067s] -- Up-to-date: /home/burkehill/ad2/install/ad2_robot/share/ad2_robot/rviz
[0.067s] -- Up-to-date: /home/burkehill/ad2/install/ad2_robot/share/ad2_robot/rviz/nav2_config.rviz
[0.067s] -- Up-to-date: /home/burkehill/ad2/install/ad2_robot/share/ad2_robot/rviz/urdf_config.rviz
[0.067s] -- Up-to-date: /home/burkehill/ad2/install/ad2_robot/share/ad2_robot/src
[0.067s] -- Up-to-date: /home/burkehill/ad2/install/ad2_robot/share/ad2_robot/worlds
[0.067s] -- Up-to-date: /home/burkehill/ad2/install/ad2_robot/share/ad2_robot/worlds/basic_world
[0.067s] -- Up-to-date: /home/burkehill/ad2/install/ad2_robot/share/ad2_robot/worlds/basic_world/my_world.sdf
[0.067s] -- Up-to-date: /home/burkehill/ad2/install/ad2_robot/share/ad2_robot/worlds/basic_world/smalltown.world
[0.067s] -- Up-to-date: /home/burkehill/ad2/install/ad2_robot/share/ament_index/resource_index/package_run_dependencies/ad2_robot
[0.067s] -- Up-to-date: /home/burkehill/ad2/install/ad2_robot/share/ament_index/resource_index/parent_prefix_path/ad2_robot
[0.067s] -- Up-to-date: /home/burkehill/ad2/install/ad2_robot/share/ad2_robot/environment/ament_prefix_path.sh
[0.067s] -- Up-to-date: /home/burkehill/ad2/install/ad2_robot/share/ad2_robot/environment/ament_prefix_path.dsv
[0.068s] -- Up-to-date: /home/burkehill/ad2/install/ad2_robot/share/ad2_robot/environment/path.sh
[0.068s] -- Up-to-date: /home/burkehill/ad2/install/ad2_robot/share/ad2_robot/environment/path.dsv
[0.068s] -- Up-to-date: /home/burkehill/ad2/install/ad2_robot/share/ad2_robot/local_setup.bash
[0.068s] -- Up-to-date: /home/burkehill/ad2/install/ad2_robot/share/ad2_robot/local_setup.sh
[0.068s] -- Up-to-date: /home/burkehill/ad2/install/ad2_robot/share/ad2_robot/local_setup.zsh
[0.068s] -- Up-to-date: /home/burkehill/ad2/install/ad2_robot/share/ad2_robot/local_setup.dsv
[0.068s] -- Installing: /home/burkehill/ad2/install/ad2_robot/share/ad2_robot/package.dsv
[0.068s] -- Up-to-date: /home/burkehill/ad2/install/ad2_robot/share/ament_index/resource_index/packages/ad2_robot
[0.068s] -- Up-to-date: /home/burkehill/ad2/install/ad2_robot/share/ad2_robot/cmake/ad2_robotConfig.cmake
[0.068s] -- Up-to-date: /home/burkehill/ad2/install/ad2_robot/share/ad2_robot/cmake/ad2_robotConfig-version.cmake
[0.068s] -- Up-to-date: /home/burkehill/ad2/install/ad2_robot/share/ad2_robot/package.xml
[0.069s] Invoked command in '/home/burkehill/ad2/build/ad2_robot' returned '0': CMAKE_PREFIX_PATH=/opt/ros/foxy /usr/bin/cmake --install /home/burkehill/ad2/build/ad2_robot
