[0.047s] Invoking command in '/home/burkehill/ad2/build/ad2_robot': CMAKE_PREFIX_PATH=/opt/ros/foxy /usr/bin/cmake /home/burkehill/ad2/ad2_robot -DCMAKE_INSTALL_PREFIX=/home/burkehill/ad2/install/ad2_robot
[0.542s] -- The C compiler identification is GNU 9.3.0
[0.905s] -- The CXX compiler identification is GNU 9.3.0
[0.934s] -- Check for working C compiler: /usr/bin/cc
[1.174s] -- Check for working C compiler: /usr/bin/cc -- works
[1.178s] -- Detecting C compiler ABI info
[1.395s] -- Detecting C compiler ABI info - done
[1.411s] -- Detecting C compile features
[1.413s] -- Detecting C compile features - done
[1.420s] -- Check for working CXX compiler: /usr/bin/c++
[1.724s] -- Check for working CXX compiler: /usr/bin/c++ -- works
[1.726s] -- Detecting CXX compiler ABI info
[1.962s] -- Detecting CXX compiler ABI info - done
[1.981s] -- Detecting CXX compile features
[1.982s] -- Detecting CXX compile features - done
[2.009s] -- Found ament_cmake: 0.9.9 (/opt/ros/foxy/share/ament_cmake/cmake)
[2.078s] -- Found PythonInterp: /usr/bin/python3 (found suitable version "3.8.10", minimum required is "3") 
[2.078s] -- Using PYTHON_EXECUTABLE: /usr/bin/python3
[2.534s] -- Found ament_lint_auto: 0.9.6 (/opt/ros/foxy/share/ament_lint_auto/cmake)
[2.717s] -- Added test 'copyright' to check source files copyright and LICENSE
[2.736s] -- Added test 'lint_cmake' to check CMake code style
[2.745s] -- Added test 'xmllint' to check XML markup files
[2.757s] -- Configuring done
[2.762s] -- Generating done
[2.763s] -- Build files have been written to: /home/burkehill/ad2/build/ad2_robot
[2.778s] Invoked command in '/home/burkehill/ad2/build/ad2_robot' returned '0': CMAKE_PREFIX_PATH=/opt/ros/foxy /usr/bin/cmake /home/burkehill/ad2/ad2_robot -DCMAKE_INSTALL_PREFIX=/home/burkehill/ad2/install/ad2_robot
[2.779s] Invoking command in '/home/burkehill/ad2/build/ad2_robot': CMAKE_PREFIX_PATH=/opt/ros/foxy /usr/bin/cmake --build /home/burkehill/ad2/build/ad2_robot -- -j2 -l2
[2.911s] Invoked command in '/home/burkehill/ad2/build/ad2_robot' returned '0': CMAKE_PREFIX_PATH=/opt/ros/foxy /usr/bin/cmake --build /home/burkehill/ad2/build/ad2_robot -- -j2 -l2
[3.032s] Invoking command in '/home/burkehill/ad2/build/ad2_robot': CMAKE_PREFIX_PATH=/opt/ros/foxy /usr/bin/cmake --install /home/burkehill/ad2/build/ad2_robot
[3.056s] -- Install configuration: ""
[3.056s] -- Installing: /home/burkehill/ad2/install/ad2_robot/share/ament_index/resource_index/package_run_dependencies/ad2_robot
[3.057s] -- Installing: /home/burkehill/ad2/install/ad2_robot/share/ament_index/resource_index/parent_prefix_path/ad2_robot
[3.057s] -- Installing: /home/burkehill/ad2/install/ad2_robot/share/ad2_robot/environment/ament_prefix_path.sh
[3.058s] -- Installing: /home/burkehill/ad2/install/ad2_robot/share/ad2_robot/environment/ament_prefix_path.dsv
[3.058s] -- Installing: /home/burkehill/ad2/install/ad2_robot/share/ad2_robot/environment/path.sh
[3.059s] -- Installing: /home/burkehill/ad2/install/ad2_robot/share/ad2_robot/environment/path.dsv
[3.059s] -- Installing: /home/burkehill/ad2/install/ad2_robot/share/ad2_robot/local_setup.bash
[3.059s] -- Installing: /home/burkehill/ad2/install/ad2_robot/share/ad2_robot/local_setup.sh
[3.060s] -- Installing: /home/burkehill/ad2/install/ad2_robot/share/ad2_robot/local_setup.zsh
[3.062s] -- Installing: /home/burkehill/ad2/install/ad2_robot/share/ad2_robot/local_setup.dsv
[3.063s] -- Installing: /home/burkehill/ad2/install/ad2_robot/share/ad2_robot/package.dsv
[3.065s] -- Installing: /home/burkehill/ad2/install/ad2_robot/share/ament_index/resource_index/packages/ad2_robot
[3.065s] -- Installing: /home/burkehill/ad2/install/ad2_robot/share/ad2_robot/cmake/ad2_robotConfig.cmake
[3.066s] -- Installing: /home/burkehill/ad2/install/ad2_robot/share/ad2_robot/cmake/ad2_robotConfig-version.cmake
[3.066s] -- Installing: /home/burkehill/ad2/install/ad2_robot/share/ad2_robot/package.xml
[3.071s] Invoked command in '/home/burkehill/ad2/build/ad2_robot' returned '0': CMAKE_PREFIX_PATH=/opt/ros/foxy /usr/bin/cmake --install /home/burkehill/ad2/build/ad2_robot
