[0.490s] DEBUG:colcon:Command line arguments: ['/usr/bin/colcon', 'build']
[0.490s] DEBUG:colcon:Parsed command line arguments: Namespace(ament_cmake_args=None, base_paths=['.'], build_base='build', catkin_cmake_args=None, catkin_skip_building_tests=False, cmake_args=None, cmake_clean_cache=False, cmake_clean_first=False, cmake_force_configure=False, cmake_target=None, cmake_target_skip_unavailable=False, continue_on_error=False, event_handlers=None, executor='parallel', ignore_user_meta=False, install_base='install', log_base=None, log_level=None, main=<bound method BuildVerb.main of <colcon_core.verb.build.BuildVerb object at 0x7fae7997a430>>, merge_install=False, metas=['./colcon.meta'], packages_above=None, packages_above_and_dependencies=None, packages_above_depth=None, packages_end=None, packages_ignore=None, packages_ignore_regex=None, packages_select=None, packages_select_build_failed=False, packages_select_by_dep=None, packages_select_regex=None, packages_select_test_failures=False, packages_skip=None, packages_skip_build_finished=False, packages_skip_by_dep=None, packages_skip_regex=None, packages_skip_test_passed=False, packages_skip_up_to=None, packages_start=None, packages_up_to=None, packages_up_to_regex=None, parallel_workers=2, paths=None, symlink_install=False, test_result_base=None, verb_extension=<colcon_core.verb.build.BuildVerb object at 0x7fae7997a430>, verb_name='build', verb_parser=<colcon_defaults.argument_parser.defaults.DefaultArgumentsDecorator object at 0x7fae7997a970>)
[0.498s] Level 1:colcon.colcon_core.package_discovery:discover_packages(colcon_meta) check parameters
[0.498s] Level 1:colcon.colcon_core.package_discovery:discover_packages(recursive) check parameters
[0.498s] Level 1:colcon.colcon_core.package_discovery:discover_packages(ignore) check parameters
[0.498s] Level 1:colcon.colcon_core.package_discovery:discover_packages(path) check parameters
[0.498s] Level 1:colcon.colcon_core.package_discovery:discover_packages(colcon_meta) discover
[0.498s] Level 1:colcon.colcon_core.package_discovery:discover_packages(recursive) discover
[0.498s] INFO:colcon.colcon_core.package_discovery:Crawling recursively for packages in '/home/burkehill/ad2'
[0.498s] Level 1:colcon.colcon_core.package_identification:_identify(.) by extensions ['ignore', 'ignore_ament_install']
[0.499s] Level 1:colcon.colcon_core.package_identification:_identify(.) by extension 'ignore'
[0.499s] Level 1:colcon.colcon_core.package_identification:_identify(.) by extension 'ignore_ament_install'
[0.499s] Level 1:colcon.colcon_core.package_identification:_identify(.) by extensions ['colcon_pkg']
[0.499s] Level 1:colcon.colcon_core.package_identification:_identify(.) by extension 'colcon_pkg'
[0.499s] Level 1:colcon.colcon_core.package_identification:_identify(.) by extensions ['colcon_meta']
[0.499s] Level 1:colcon.colcon_core.package_identification:_identify(.) by extension 'colcon_meta'
[0.499s] Level 1:colcon.colcon_core.package_identification:_identify(.) by extensions ['ros']
[0.499s] Level 1:colcon.colcon_core.package_identification:_identify(.) by extension 'ros'
[0.522s] Level 1:colcon.colcon_core.package_identification:_identify(.) by extensions ['cmake', 'python']
[0.522s] Level 1:colcon.colcon_core.package_identification:_identify(.) by extension 'cmake'
[0.522s] Level 1:colcon.colcon_core.package_identification:_identify(.) by extension 'python'
[0.523s] Level 1:colcon.colcon_core.package_identification:_identify(.) by extensions ['python_setup_py']
[0.523s] Level 1:colcon.colcon_core.package_identification:_identify(.) by extension 'python_setup_py'
[0.523s] Level 1:colcon.colcon_core.package_identification:_identify(ad2_robot) by extensions ['ignore', 'ignore_ament_install']
[0.523s] Level 1:colcon.colcon_core.package_identification:_identify(ad2_robot) by extension 'ignore'
[0.523s] Level 1:colcon.colcon_core.package_identification:_identify(ad2_robot) by extension 'ignore_ament_install'
[0.523s] Level 1:colcon.colcon_core.package_identification:_identify(ad2_robot) by extensions ['colcon_pkg']
[0.523s] Level 1:colcon.colcon_core.package_identification:_identify(ad2_robot) by extension 'colcon_pkg'
[0.523s] Level 1:colcon.colcon_core.package_identification:_identify(ad2_robot) by extensions ['colcon_meta']
[0.523s] Level 1:colcon.colcon_core.package_identification:_identify(ad2_robot) by extension 'colcon_meta'
[0.524s] Level 1:colcon.colcon_core.package_identification:_identify(ad2_robot) by extensions ['ros']
[0.524s] Level 1:colcon.colcon_core.package_identification:_identify(ad2_robot) by extension 'ros'
[0.527s] DEBUG:colcon.colcon_core.package_identification:Package 'ad2_robot' with type 'ros.ament_cmake' and name 'ad2_robot'
[0.527s] Level 1:colcon.colcon_core.package_identification:_identify(build) by extensions ['ignore', 'ignore_ament_install']
[0.527s] Level 1:colcon.colcon_core.package_identification:_identify(build) by extension 'ignore'
[0.527s] Level 1:colcon.colcon_core.package_identification:_identify(build) ignored
[0.527s] Level 1:colcon.colcon_core.package_identification:_identify(install) by extensions ['ignore', 'ignore_ament_install']
[0.527s] Level 1:colcon.colcon_core.package_identification:_identify(install) by extension 'ignore'
[0.527s] Level 1:colcon.colcon_core.package_identification:_identify(install) ignored
[0.528s] Level 1:colcon.colcon_core.package_identification:_identify(log) by extensions ['ignore', 'ignore_ament_install']
[0.528s] Level 1:colcon.colcon_core.package_identification:_identify(log) by extension 'ignore'
[0.528s] Level 1:colcon.colcon_core.package_identification:_identify(log) ignored
[0.528s] Level 1:colcon.colcon_core.package_discovery:discover_packages(recursive) using defaults
[0.528s] Level 1:colcon.colcon_core.package_discovery:discover_packages(ignore) discover
[0.528s] Level 1:colcon.colcon_core.package_discovery:discover_packages(ignore) using defaults
[0.528s] Level 1:colcon.colcon_core.package_discovery:discover_packages(path) discover
[0.528s] Level 1:colcon.colcon_core.package_discovery:discover_packages(path) using defaults
[0.559s] Level 5:colcon.colcon_core.verb:set package 'ad2_robot' build argument 'cmake_args' from command line to 'None'
[0.560s] Level 5:colcon.colcon_core.verb:set package 'ad2_robot' build argument 'cmake_target' from command line to 'None'
[0.560s] Level 5:colcon.colcon_core.verb:set package 'ad2_robot' build argument 'cmake_target_skip_unavailable' from command line to 'False'
[0.560s] Level 5:colcon.colcon_core.verb:set package 'ad2_robot' build argument 'cmake_clean_cache' from command line to 'False'
[0.560s] Level 5:colcon.colcon_core.verb:set package 'ad2_robot' build argument 'cmake_clean_first' from command line to 'False'
[0.560s] Level 5:colcon.colcon_core.verb:set package 'ad2_robot' build argument 'cmake_force_configure' from command line to 'False'
[0.560s] Level 5:colcon.colcon_core.verb:set package 'ad2_robot' build argument 'ament_cmake_args' from command line to 'None'
[0.560s] Level 5:colcon.colcon_core.verb:set package 'ad2_robot' build argument 'catkin_cmake_args' from command line to 'None'
[0.560s] Level 5:colcon.colcon_core.verb:set package 'ad2_robot' build argument 'catkin_skip_building_tests' from command line to 'False'
[0.561s] DEBUG:colcon.colcon_core.verb:Building package 'ad2_robot' with the following arguments: {'ament_cmake_args': None, 'build_base': '/home/burkehill/ad2/build/ad2_robot', 'catkin_cmake_args': None, 'catkin_skip_building_tests': False, 'cmake_args': None, 'cmake_clean_cache': False, 'cmake_clean_first': False, 'cmake_force_configure': False, 'cmake_target': None, 'cmake_target_skip_unavailable': False, 'install_base': '/home/burkehill/ad2/install/ad2_robot', 'merge_install': False, 'path': '/home/burkehill/ad2/ad2_robot', 'symlink_install': False, 'test_result_base': None}
[0.561s] INFO:colcon.colcon_core.executor:Executing jobs using 'parallel' executor
[0.564s] DEBUG:colcon.colcon_parallel_executor.executor.parallel:run_until_complete
[0.565s] INFO:colcon.colcon_ros.task.ament_cmake.build:Building ROS package in '/home/burkehill/ad2/ad2_robot' with build type 'ament_cmake'
[0.565s] INFO:colcon.colcon_cmake.task.cmake.build:Building CMake package in '/home/burkehill/ad2/ad2_robot'
[0.572s] INFO:colcon.colcon_core.plugin_system:Skipping extension 'colcon_core.shell.bat': Not used on non-Windows systems
[0.572s] INFO:colcon.colcon_core.shell:Skip shell extension 'powershell' for command environment: Not usable outside of PowerShell
[0.572s] DEBUG:colcon.colcon_core.shell:Skip shell extension 'dsv' for command environment
[0.576s] DEBUG:colcon.colcon_core.shell:Ignoring prefix path '/opt/ros/foxy'
[0.605s] DEBUG:colcon.colcon_core.event_handler.log_command:Invoking command in '/home/burkehill/ad2/build/ad2_robot': CMAKE_PREFIX_PATH=${CMAKE_PREFIX_PATH}:/opt/ros/foxy /usr/bin/cmake --build /home/burkehill/ad2/build/ad2_robot -- -j2 -l2
[0.759s] DEBUG:colcon.colcon_core.event_handler.log_command:Invoked command in '/home/burkehill/ad2/build/ad2_robot' returned '0': CMAKE_PREFIX_PATH=${CMAKE_PREFIX_PATH}:/opt/ros/foxy /usr/bin/cmake --build /home/burkehill/ad2/build/ad2_robot -- -j2 -l2
[0.865s] DEBUG:colcon.colcon_core.event_handler.log_command:Invoking command in '/home/burkehill/ad2/build/ad2_robot': CMAKE_PREFIX_PATH=${CMAKE_PREFIX_PATH}:/opt/ros/foxy /usr/bin/cmake --install /home/burkehill/ad2/build/ad2_robot
[0.933s] Level 1:colcon.colcon_core.environment:create_environment_scripts_only(ad2_robot)
[0.936s] DEBUG:colcon.colcon_core.event_handler.log_command:Invoked command in '/home/burkehill/ad2/build/ad2_robot' returned '0': CMAKE_PREFIX_PATH=${CMAKE_PREFIX_PATH}:/opt/ros/foxy /usr/bin/cmake --install /home/burkehill/ad2/build/ad2_robot
[0.943s] Level 1:colcon.colcon_core.environment:checking '/home/burkehill/ad2/install/ad2_robot' for CMake module files
[0.945s] Level 1:colcon.colcon_core.environment:checking '/home/burkehill/ad2/install/ad2_robot' for CMake config files
[0.945s] Level 1:colcon.colcon_core.shell:create_environment_hook('ad2_robot', 'cmake_prefix_path')
[0.946s] INFO:colcon.colcon_core.shell:Creating environment hook '/home/burkehill/ad2/install/ad2_robot/share/ad2_robot/hook/cmake_prefix_path.ps1'
[0.948s] INFO:colcon.colcon_core.shell:Creating environment descriptor '/home/burkehill/ad2/install/ad2_robot/share/ad2_robot/hook/cmake_prefix_path.dsv'
[0.949s] INFO:colcon.colcon_core.shell:Creating environment hook '/home/burkehill/ad2/install/ad2_robot/share/ad2_robot/hook/cmake_prefix_path.sh'
[0.951s] Level 1:colcon.colcon_core.environment:checking '/home/burkehill/ad2/install/ad2_robot/bin'
[0.951s] Level 1:colcon.colcon_core.environment:checking '/home/burkehill/ad2/install/ad2_robot/lib/pkgconfig/ad2_robot.pc'
[0.951s] Level 1:colcon.colcon_core.environment:checking '/home/burkehill/ad2/install/ad2_robot/lib/python3.8/site-packages'
[0.952s] INFO:colcon.colcon_core.shell:Creating package script '/home/burkehill/ad2/install/ad2_robot/share/ad2_robot/package.ps1'
[0.953s] INFO:colcon.colcon_core.shell:Creating package descriptor '/home/burkehill/ad2/install/ad2_robot/share/ad2_robot/package.dsv'
[0.954s] INFO:colcon.colcon_core.shell:Creating package script '/home/burkehill/ad2/install/ad2_robot/share/ad2_robot/package.sh'
[0.955s] INFO:colcon.colcon_core.shell:Creating package script '/home/burkehill/ad2/install/ad2_robot/share/ad2_robot/package.bash'
[0.957s] INFO:colcon.colcon_core.shell:Creating package script '/home/burkehill/ad2/install/ad2_robot/share/ad2_robot/package.zsh'
[0.958s] Level 1:colcon.colcon_core.environment:create_file_with_runtime_dependencies(/home/burkehill/ad2/install/ad2_robot/share/colcon-core/packages/ad2_robot)
[1.048s] Level 1:colcon.colcon_core.environment:create_environment_scripts_only(ad2_robot)
[1.050s] Level 1:colcon.colcon_core.environment:checking '/home/burkehill/ad2/install/ad2_robot' for CMake module files
[1.054s] Level 1:colcon.colcon_core.environment:checking '/home/burkehill/ad2/install/ad2_robot' for CMake config files
[1.055s] Level 1:colcon.colcon_core.shell:create_environment_hook('ad2_robot', 'cmake_prefix_path')
[1.059s] INFO:colcon.colcon_core.shell:Creating environment hook '/home/burkehill/ad2/install/ad2_robot/share/ad2_robot/hook/cmake_prefix_path.ps1'
[1.062s] INFO:colcon.colcon_core.shell:Creating environment descriptor '/home/burkehill/ad2/install/ad2_robot/share/ad2_robot/hook/cmake_prefix_path.dsv'
[1.063s] INFO:colcon.colcon_core.shell:Creating environment hook '/home/burkehill/ad2/install/ad2_robot/share/ad2_robot/hook/cmake_prefix_path.sh'
[1.064s] Level 1:colcon.colcon_core.environment:checking '/home/burkehill/ad2/install/ad2_robot/bin'
[1.064s] Level 1:colcon.colcon_core.environment:checking '/home/burkehill/ad2/install/ad2_robot/lib/pkgconfig/ad2_robot.pc'
[1.065s] Level 1:colcon.colcon_core.environment:checking '/home/burkehill/ad2/install/ad2_robot/lib/python3.8/site-packages'
[1.065s] INFO:colcon.colcon_core.shell:Creating package script '/home/burkehill/ad2/install/ad2_robot/share/ad2_robot/package.ps1'
[1.066s] INFO:colcon.colcon_core.shell:Creating package descriptor '/home/burkehill/ad2/install/ad2_robot/share/ad2_robot/package.dsv'
[1.067s] INFO:colcon.colcon_core.shell:Creating package script '/home/burkehill/ad2/install/ad2_robot/share/ad2_robot/package.sh'
[1.068s] INFO:colcon.colcon_core.shell:Creating package script '/home/burkehill/ad2/install/ad2_robot/share/ad2_robot/package.bash'
[1.069s] INFO:colcon.colcon_core.shell:Creating package script '/home/burkehill/ad2/install/ad2_robot/share/ad2_robot/package.zsh'
[1.070s] Level 1:colcon.colcon_core.environment:create_file_with_runtime_dependencies(/home/burkehill/ad2/install/ad2_robot/share/colcon-core/packages/ad2_robot)
[1.071s] DEBUG:colcon.colcon_parallel_executor.executor.parallel:closing loop
[1.071s] DEBUG:colcon.colcon_parallel_executor.executor.parallel:loop closed
[1.073s] DEBUG:colcon.colcon_parallel_executor.executor.parallel:run_until_complete finished with '0'
[1.073s] DEBUG:colcon.colcon_core.event_reactor:joining thread
[1.099s] INFO:colcon.colcon_core.plugin_system:Skipping extension 'colcon_notification.desktop_notification.terminal_notifier': Not used on non-Darwin systems
[1.099s] INFO:colcon.colcon_core.plugin_system:Skipping extension 'colcon_notification.desktop_notification.win32': Not used on non-Windows systems
[1.099s] INFO:colcon.colcon_notification.desktop_notification:Sending desktop notification using 'notify2'
[1.129s] DEBUG:colcon.colcon_core.event_reactor:joined thread
[1.130s] INFO:colcon.colcon_core.shell:Creating prefix script '/home/burkehill/ad2/install/local_setup.ps1'
[1.131s] INFO:colcon.colcon_core.shell:Creating prefix util module '/home/burkehill/ad2/install/_local_setup_util_ps1.py'
[1.133s] INFO:colcon.colcon_core.shell:Creating prefix chain script '/home/burkehill/ad2/install/setup.ps1'
[1.138s] INFO:colcon.colcon_core.shell:Creating prefix script '/home/burkehill/ad2/install/local_setup.sh'
[1.139s] INFO:colcon.colcon_core.shell:Creating prefix util module '/home/burkehill/ad2/install/_local_setup_util_sh.py'
[1.140s] INFO:colcon.colcon_core.shell:Creating prefix chain script '/home/burkehill/ad2/install/setup.sh'
[1.143s] INFO:colcon.colcon_core.shell:Creating prefix script '/home/burkehill/ad2/install/local_setup.bash'
[1.144s] INFO:colcon.colcon_core.shell:Creating prefix chain script '/home/burkehill/ad2/install/setup.bash'
[1.148s] INFO:colcon.colcon_core.shell:Creating prefix script '/home/burkehill/ad2/install/local_setup.zsh'
[1.149s] INFO:colcon.colcon_core.shell:Creating prefix chain script '/home/burkehill/ad2/install/setup.zsh'
