[0.040s] Invoking command in '/home/burkehill/ad2/build/basic_mobile_robot': CMAKE_PREFIX_PATH=/opt/ros/foxy /usr/bin/cmake --build /home/burkehill/ad2/build/basic_mobile_robot -- -j2 -l2
[0.172s] Invoked command in '/home/burkehill/ad2/build/basic_mobile_robot' returned '0': CMAKE_PREFIX_PATH=/opt/ros/foxy /usr/bin/cmake --build /home/burkehill/ad2/build/basic_mobile_robot -- -j2 -l2
[0.220s] Invoking command in '/home/burkehill/ad2/build/basic_mobile_robot': CMAKE_PREFIX_PATH=/opt/ros/foxy /usr/bin/cmake --install /home/burkehill/ad2/build/basic_mobile_robot
[0.238s] -- Install configuration: ""
[0.244s] -- Up-to-date: /home/burkehill/ad2/install/basic_mobile_robot/share/basic_mobile_robot/config
[0.246s] -- Up-to-date: /home/burkehill/ad2/install/basic_mobile_robot/share/basic_mobile_robot/config/ekf.yaml
[0.247s] -- Up-to-date: /home/burkehill/ad2/install/basic_mobile_robot/share/basic_mobile_robot/launch
[0.250s] -- Up-to-date: /home/burkehill/ad2/install/basic_mobile_robot/share/basic_mobile_robot/launch/ad2again.launch.py
[0.251s] -- Up-to-date: /home/burkehill/ad2/install/basic_mobile_robot/share/basic_mobile_robot/launch/log
[0.255s] -- Up-to-date: /home/burkehill/ad2/install/basic_mobile_robot/share/basic_mobile_robot/launch/log/build_2022-02-03_10-32-09
[0.257s] -- Up-to-date: /home/burkehill/ad2/install/basic_mobile_robot/share/basic_mobile_robot/launch/log/build_2022-02-03_10-32-09/events.log
[0.257s] -- Up-to-date: /home/burkehill/ad2/install/basic_mobile_robot/share/basic_mobile_robot/launch/log/build_2022-02-03_10-32-09/logger_all.log
[0.258s] -- Up-to-date: /home/burkehill/ad2/install/basic_mobile_robot/share/basic_mobile_robot/launch/log/latest_build
[0.258s] -- Up-to-date: /home/burkehill/ad2/install/basic_mobile_robot/share/basic_mobile_robot/launch/log/latest
[0.258s] -- Up-to-date: /home/burkehill/ad2/install/basic_mobile_robot/share/basic_mobile_robot/launch/log/COLCON_IGNORE
[0.258s] -- Up-to-date: /home/burkehill/ad2/install/basic_mobile_robot/share/basic_mobile_robot/launch/log/build_2022-02-03_10-32-45
[0.260s] -- Up-to-date: /home/burkehill/ad2/install/basic_mobile_robot/share/basic_mobile_robot/launch/log/build_2022-02-03_10-32-45/events.log
[0.260s] -- Up-to-date: /home/burkehill/ad2/install/basic_mobile_robot/share/basic_mobile_robot/launch/log/build_2022-02-03_10-32-45/logger_all.log
[0.260s] -- Up-to-date: /home/burkehill/ad2/install/basic_mobile_robot/share/basic_mobile_robot/launch/build
[0.261s] -- Up-to-date: /home/burkehill/ad2/install/basic_mobile_robot/share/basic_mobile_robot/launch/build/.built_by
[0.261s] -- Up-to-date: /home/burkehill/ad2/install/basic_mobile_robot/share/basic_mobile_robot/launch/build/COLCON_IGNORE
[0.261s] -- Up-to-date: /home/burkehill/ad2/install/basic_mobile_robot/share/basic_mobile_robot/launch/ad2.launch.py
[0.262s] -- Up-to-date: /home/burkehill/ad2/install/basic_mobile_robot/share/basic_mobile_robot/launch/ad2rviz.launch.py
[0.262s] -- Up-to-date: /home/burkehill/ad2/install/basic_mobile_robot/share/basic_mobile_robot/launch/install
[0.263s] -- Up-to-date: /home/burkehill/ad2/install/basic_mobile_robot/share/basic_mobile_robot/launch/install/.colcon_install_layout
[0.263s] -- Up-to-date: /home/burkehill/ad2/install/basic_mobile_robot/share/basic_mobile_robot/launch/install/local_setup.zsh
[0.264s] -- Up-to-date: /home/burkehill/ad2/install/basic_mobile_robot/share/basic_mobile_robot/launch/install/local_setup.ps1
[0.264s] -- Up-to-date: /home/burkehill/ad2/install/basic_mobile_robot/share/basic_mobile_robot/launch/install/COLCON_IGNORE
[0.264s] -- Up-to-date: /home/burkehill/ad2/install/basic_mobile_robot/share/basic_mobile_robot/launch/install/_local_setup_util_ps1.py
[0.264s] -- Up-to-date: /home/burkehill/ad2/install/basic_mobile_robot/share/basic_mobile_robot/launch/install/setup.sh
[0.265s] -- Up-to-date: /home/burkehill/ad2/install/basic_mobile_robot/share/basic_mobile_robot/launch/install/_local_setup_util_sh.py
[0.265s] -- Up-to-date: /home/burkehill/ad2/install/basic_mobile_robot/share/basic_mobile_robot/launch/install/setup.zsh
[0.265s] -- Up-to-date: /home/burkehill/ad2/install/basic_mobile_robot/share/basic_mobile_robot/launch/install/local_setup.bash
[0.265s] -- Up-to-date: /home/burkehill/ad2/install/basic_mobile_robot/share/basic_mobile_robot/launch/install/local_setup.sh
[0.265s] -- Up-to-date: /home/burkehill/ad2/install/basic_mobile_robot/share/basic_mobile_robot/launch/install/setup.ps1
[0.265s] -- Up-to-date: /home/burkehill/ad2/install/basic_mobile_robot/share/basic_mobile_robot/launch/install/setup.bash
[0.265s] -- Up-to-date: /home/burkehill/ad2/install/basic_mobile_robot/share/basic_mobile_robot/maps
[0.266s] -- Up-to-date: /home/burkehill/ad2/install/basic_mobile_robot/share/basic_mobile_robot/meshes
[0.267s] -- Up-to-date: /home/burkehill/ad2/install/basic_mobile_robot/share/basic_mobile_robot/meshes/arm_base.stl
[0.267s] -- Up-to-date: /home/burkehill/ad2/install/basic_mobile_robot/share/basic_mobile_robot/meshes/robot_base.stl
[0.267s] -- Up-to-date: /home/burkehill/ad2/install/basic_mobile_robot/share/basic_mobile_robot/meshes/bicep.stl
[0.267s] -- Up-to-date: /home/burkehill/ad2/install/basic_mobile_robot/share/basic_mobile_robot/meshes/elbow.stl
[0.268s] -- Up-to-date: /home/burkehill/ad2/install/basic_mobile_robot/share/basic_mobile_robot/meshes/wrist.stl
[0.268s] -- Up-to-date: /home/burkehill/ad2/install/basic_mobile_robot/share/basic_mobile_robot/meshes/wheel.stl
[0.268s] -- Up-to-date: /home/burkehill/ad2/install/basic_mobile_robot/share/basic_mobile_robot/models
[0.268s] -- Up-to-date: /home/burkehill/ad2/install/basic_mobile_robot/share/basic_mobile_robot/models/ad2_model.urdf
[0.269s] -- Up-to-date: /home/burkehill/ad2/install/basic_mobile_robot/share/basic_mobile_robot/models/ad2_description
[0.269s] -- Up-to-date: /home/burkehill/ad2/install/basic_mobile_robot/share/basic_mobile_robot/models/ad2_description/meshes
[0.270s] -- Up-to-date: /home/burkehill/ad2/install/basic_mobile_robot/share/basic_mobile_robot/models/ad2_description/meshes/arm_base.stl
[0.271s] -- Up-to-date: /home/burkehill/ad2/install/basic_mobile_robot/share/basic_mobile_robot/models/ad2_description/meshes/robot_base.stl
[0.271s] -- Up-to-date: /home/burkehill/ad2/install/basic_mobile_robot/share/basic_mobile_robot/models/ad2_description/meshes/bicep.stl
[0.271s] -- Up-to-date: /home/burkehill/ad2/install/basic_mobile_robot/share/basic_mobile_robot/models/ad2_description/meshes/elbow.stl
[0.272s] -- Up-to-date: /home/burkehill/ad2/install/basic_mobile_robot/share/basic_mobile_robot/models/ad2_description/meshes/wrist.stl
[0.272s] -- Up-to-date: /home/burkehill/ad2/install/basic_mobile_robot/share/basic_mobile_robot/models/ad2_description/meshes/wheel.stl
[0.272s] -- Up-to-date: /home/burkehill/ad2/install/basic_mobile_robot/share/basic_mobile_robot/models/ad2_description/model.sdf
[0.272s] -- Up-to-date: /home/burkehill/ad2/install/basic_mobile_robot/share/basic_mobile_robot/models/ad2_description/model.config
[0.272s] -- Up-to-date: /home/burkehill/ad2/install/basic_mobile_robot/share/basic_mobile_robot/params
[0.272s] -- Up-to-date: /home/burkehill/ad2/install/basic_mobile_robot/share/basic_mobile_robot/rviz
[0.273s] -- Up-to-date: /home/burkehill/ad2/install/basic_mobile_robot/share/basic_mobile_robot/rviz/urdf_config.rviz
[0.274s] -- Up-to-date: /home/burkehill/ad2/install/basic_mobile_robot/share/basic_mobile_robot/src
[0.274s] -- Up-to-date: /home/burkehill/ad2/install/basic_mobile_robot/share/basic_mobile_robot/worlds
[0.275s] -- Up-to-date: /home/burkehill/ad2/install/basic_mobile_robot/share/basic_mobile_robot/worlds/basic_world
[0.276s] -- Up-to-date: /home/burkehill/ad2/install/basic_mobile_robot/share/basic_mobile_robot/worlds/basic_world/my_world.sdf
[0.277s] -- Up-to-date: /home/burkehill/ad2/install/basic_mobile_robot/share/basic_mobile_robot/worlds/basic_world/smalltown.world
[0.279s] -- Up-to-date: /home/burkehill/ad2/install/basic_mobile_robot/share/ament_index/resource_index/package_run_dependencies/basic_mobile_robot
[0.280s] -- Up-to-date: /home/burkehill/ad2/install/basic_mobile_robot/share/ament_index/resource_index/parent_prefix_path/basic_mobile_robot
[0.281s] -- Up-to-date: /home/burkehill/ad2/install/basic_mobile_robot/share/basic_mobile_robot/environment/ament_prefix_path.sh
[0.281s] -- Up-to-date: /home/burkehill/ad2/install/basic_mobile_robot/share/basic_mobile_robot/environment/ament_prefix_path.dsv
[0.281s] -- Up-to-date: /home/burkehill/ad2/install/basic_mobile_robot/share/basic_mobile_robot/environment/path.sh
[0.282s] -- Up-to-date: /home/burkehill/ad2/install/basic_mobile_robot/share/basic_mobile_robot/environment/path.dsv
[0.282s] -- Up-to-date: /home/burkehill/ad2/install/basic_mobile_robot/share/basic_mobile_robot/local_setup.bash
[0.282s] -- Up-to-date: /home/burkehill/ad2/install/basic_mobile_robot/share/basic_mobile_robot/local_setup.sh
[0.283s] -- Up-to-date: /home/burkehill/ad2/install/basic_mobile_robot/share/basic_mobile_robot/local_setup.zsh
[0.283s] -- Up-to-date: /home/burkehill/ad2/install/basic_mobile_robot/share/basic_mobile_robot/local_setup.dsv
[0.283s] -- Installing: /home/burkehill/ad2/install/basic_mobile_robot/share/basic_mobile_robot/package.dsv
[0.285s] -- Up-to-date: /home/burkehill/ad2/install/basic_mobile_robot/share/ament_index/resource_index/packages/basic_mobile_robot
[0.285s] -- Up-to-date: /home/burkehill/ad2/install/basic_mobile_robot/share/basic_mobile_robot/cmake/basic_mobile_robotConfig.cmake
[0.285s] -- Up-to-date: /home/burkehill/ad2/install/basic_mobile_robot/share/basic_mobile_robot/cmake/basic_mobile_robotConfig-version.cmake
[0.286s] -- Up-to-date: /home/burkehill/ad2/install/basic_mobile_robot/share/basic_mobile_robot/package.xml
[0.289s] Invoked command in '/home/burkehill/ad2/build/basic_mobile_robot' returned '0': CMAKE_PREFIX_PATH=/opt/ros/foxy /usr/bin/cmake --install /home/burkehill/ad2/build/basic_mobile_robot
