[0.303s] DEBUG:colcon:Command line arguments: ['/usr/bin/colcon', 'build']
[0.303s] DEBUG:colcon:Parsed command line arguments: Namespace(ament_cmake_args=None, base_paths=['.'], build_base='build', catkin_cmake_args=None, catkin_skip_building_tests=False, cmake_args=None, cmake_clean_cache=False, cmake_clean_first=False, cmake_force_configure=False, cmake_target=None, cmake_target_skip_unavailable=False, continue_on_error=False, event_handlers=None, executor='parallel', ignore_user_meta=False, install_base='install', log_base=None, log_level=None, main=<bound method BuildVerb.main of <colcon_core.verb.build.BuildVerb object at 0x7f32011023d0>>, merge_install=False, metas=['./colcon.meta'], packages_above=None, packages_above_and_dependencies=None, packages_above_depth=None, packages_end=None, packages_ignore=None, packages_ignore_regex=None, packages_select=None, packages_select_build_failed=False, packages_select_by_dep=None, packages_select_regex=None, packages_select_test_failures=False, packages_skip=None, packages_skip_build_finished=False, packages_skip_by_dep=None, packages_skip_regex=None, packages_skip_test_passed=False, packages_skip_up_to=None, packages_start=None, packages_up_to=None, packages_up_to_regex=None, parallel_workers=2, paths=None, symlink_install=False, test_result_base=None, verb_extension=<colcon_core.verb.build.BuildVerb object at 0x7f32011023d0>, verb_name='build', verb_parser=<colcon_defaults.argument_parser.defaults.DefaultArgumentsDecorator object at 0x7f3201102910>)
[0.308s] Level 1:colcon.colcon_core.package_discovery:discover_packages(colcon_meta) check parameters
[0.309s] Level 1:colcon.colcon_core.package_discovery:discover_packages(recursive) check parameters
[0.309s] Level 1:colcon.colcon_core.package_discovery:discover_packages(ignore) check parameters
[0.309s] Level 1:colcon.colcon_core.package_discovery:discover_packages(path) check parameters
[0.309s] Level 1:colcon.colcon_core.package_discovery:discover_packages(colcon_meta) discover
[0.309s] Level 1:colcon.colcon_core.package_discovery:discover_packages(recursive) discover
[0.309s] INFO:colcon.colcon_core.package_discovery:Crawling recursively for packages in '/home/burkehill/ad2/ad2_robot'
[0.309s] Level 1:colcon.colcon_core.package_identification:_identify(.) by extensions ['ignore', 'ignore_ament_install']
[0.309s] Level 1:colcon.colcon_core.package_identification:_identify(.) by extension 'ignore'
[0.309s] Level 1:colcon.colcon_core.package_identification:_identify(.) by extension 'ignore_ament_install'
[0.309s] Level 1:colcon.colcon_core.package_identification:_identify(.) by extensions ['colcon_pkg']
[0.309s] Level 1:colcon.colcon_core.package_identification:_identify(.) by extension 'colcon_pkg'
[0.309s] Level 1:colcon.colcon_core.package_identification:_identify(.) by extensions ['colcon_meta']
[0.309s] Level 1:colcon.colcon_core.package_identification:_identify(.) by extension 'colcon_meta'
[0.309s] Level 1:colcon.colcon_core.package_identification:_identify(.) by extensions ['ros']
[0.309s] Level 1:colcon.colcon_core.package_identification:_identify(.) by extension 'ros'
[0.324s] DEBUG:colcon.colcon_core.package_identification:Package '.' with type 'ros.ament_cmake' and name 'basic_mobile_robot'
[0.324s] Level 1:colcon.colcon_core.package_discovery:discover_packages(recursive) using defaults
[0.324s] Level 1:colcon.colcon_core.package_discovery:discover_packages(ignore) discover
[0.324s] Level 1:colcon.colcon_core.package_discovery:discover_packages(ignore) using defaults
[0.324s] Level 1:colcon.colcon_core.package_discovery:discover_packages(path) discover
[0.324s] Level 1:colcon.colcon_core.package_discovery:discover_packages(path) using defaults
[0.344s] Level 5:colcon.colcon_core.verb:set package 'basic_mobile_robot' build argument 'cmake_args' from command line to 'None'
[0.344s] Level 5:colcon.colcon_core.verb:set package 'basic_mobile_robot' build argument 'cmake_target' from command line to 'None'
[0.344s] Level 5:colcon.colcon_core.verb:set package 'basic_mobile_robot' build argument 'cmake_target_skip_unavailable' from command line to 'False'
[0.344s] Level 5:colcon.colcon_core.verb:set package 'basic_mobile_robot' build argument 'cmake_clean_cache' from command line to 'False'
[0.344s] Level 5:colcon.colcon_core.verb:set package 'basic_mobile_robot' build argument 'cmake_clean_first' from command line to 'False'
[0.344s] Level 5:colcon.colcon_core.verb:set package 'basic_mobile_robot' build argument 'cmake_force_configure' from command line to 'False'
[0.344s] Level 5:colcon.colcon_core.verb:set package 'basic_mobile_robot' build argument 'ament_cmake_args' from command line to 'None'
[0.344s] Level 5:colcon.colcon_core.verb:set package 'basic_mobile_robot' build argument 'catkin_cmake_args' from command line to 'None'
[0.344s] Level 5:colcon.colcon_core.verb:set package 'basic_mobile_robot' build argument 'catkin_skip_building_tests' from command line to 'False'
[0.344s] DEBUG:colcon.colcon_core.verb:Building package 'basic_mobile_robot' with the following arguments: {'ament_cmake_args': None, 'build_base': '/home/burkehill/ad2/ad2_robot/build/basic_mobile_robot', 'catkin_cmake_args': None, 'catkin_skip_building_tests': False, 'cmake_args': None, 'cmake_clean_cache': False, 'cmake_clean_first': False, 'cmake_force_configure': False, 'cmake_target': None, 'cmake_target_skip_unavailable': False, 'install_base': '/home/burkehill/ad2/ad2_robot/install/basic_mobile_robot', 'merge_install': False, 'path': '/home/burkehill/ad2/ad2_robot', 'symlink_install': False, 'test_result_base': None}
[0.344s] INFO:colcon.colcon_core.executor:Executing jobs using 'parallel' executor
[0.347s] DEBUG:colcon.colcon_parallel_executor.executor.parallel:run_until_complete
[0.347s] INFO:colcon.colcon_ros.task.ament_cmake.build:Building ROS package in '/home/burkehill/ad2/ad2_robot' with build type 'ament_cmake'
[0.348s] INFO:colcon.colcon_cmake.task.cmake.build:Building CMake package in '/home/burkehill/ad2/ad2_robot'
[0.351s] INFO:colcon.colcon_core.plugin_system:Skipping extension 'colcon_core.shell.bat': Not used on non-Windows systems
[0.351s] INFO:colcon.colcon_core.shell:Skip shell extension 'powershell' for command environment: Not usable outside of PowerShell
[0.351s] DEBUG:colcon.colcon_core.shell:Skip shell extension 'dsv' for command environment
[0.354s] DEBUG:colcon.colcon_core.shell:Ignoring prefix path '/opt/ros/foxy'
[0.369s] DEBUG:colcon.colcon_core.event_handler.log_command:Invoking command in '/home/burkehill/ad2/ad2_robot/build/basic_mobile_robot': CMAKE_PREFIX_PATH=${CMAKE_PREFIX_PATH}:/opt/ros/foxy /usr/bin/cmake /home/burkehill/ad2/ad2_robot -DCMAKE_INSTALL_PREFIX=/home/burkehill/ad2/ad2_robot/install/basic_mobile_robot
[1.754s] DEBUG:colcon.colcon_core.event_handler.log_command:Invoked command in '/home/burkehill/ad2/ad2_robot/build/basic_mobile_robot' returned '0': CMAKE_PREFIX_PATH=${CMAKE_PREFIX_PATH}:/opt/ros/foxy /usr/bin/cmake /home/burkehill/ad2/ad2_robot -DCMAKE_INSTALL_PREFIX=/home/burkehill/ad2/ad2_robot/install/basic_mobile_robot
[1.758s] DEBUG:colcon.colcon_core.event_handler.log_command:Invoking command in '/home/burkehill/ad2/ad2_robot/build/basic_mobile_robot': CMAKE_PREFIX_PATH=${CMAKE_PREFIX_PATH}:/opt/ros/foxy /usr/bin/cmake --build /home/burkehill/ad2/ad2_robot/build/basic_mobile_robot -- -j2 -l2
[1.816s] DEBUG:colcon.colcon_core.event_handler.log_command:Invoked command in '/home/burkehill/ad2/ad2_robot/build/basic_mobile_robot' returned '0': CMAKE_PREFIX_PATH=${CMAKE_PREFIX_PATH}:/opt/ros/foxy /usr/bin/cmake --build /home/burkehill/ad2/ad2_robot/build/basic_mobile_robot -- -j2 -l2
[1.865s] DEBUG:colcon.colcon_core.event_handler.log_command:Invoking command in '/home/burkehill/ad2/ad2_robot/build/basic_mobile_robot': CMAKE_PREFIX_PATH=${CMAKE_PREFIX_PATH}:/opt/ros/foxy /usr/bin/cmake --install /home/burkehill/ad2/ad2_robot/build/basic_mobile_robot
[1.940s] Level 1:colcon.colcon_core.environment:create_environment_scripts_only(basic_mobile_robot)
[1.943s] Level 1:colcon.colcon_core.environment:checking '/home/burkehill/ad2/ad2_robot/install/basic_mobile_robot' for CMake module files
[1.944s] DEBUG:colcon.colcon_core.event_handler.log_command:Invoked command in '/home/burkehill/ad2/ad2_robot/build/basic_mobile_robot' returned '0': CMAKE_PREFIX_PATH=${CMAKE_PREFIX_PATH}:/opt/ros/foxy /usr/bin/cmake --install /home/burkehill/ad2/ad2_robot/build/basic_mobile_robot
[1.944s] Level 1:colcon.colcon_core.environment:checking '/home/burkehill/ad2/ad2_robot/install/basic_mobile_robot' for CMake config files
[1.945s] Level 1:colcon.colcon_core.shell:create_environment_hook('basic_mobile_robot', 'cmake_prefix_path')
[1.945s] INFO:colcon.colcon_core.shell:Creating environment hook '/home/burkehill/ad2/ad2_robot/install/basic_mobile_robot/share/basic_mobile_robot/hook/cmake_prefix_path.ps1'
[1.946s] INFO:colcon.colcon_core.shell:Creating environment descriptor '/home/burkehill/ad2/ad2_robot/install/basic_mobile_robot/share/basic_mobile_robot/hook/cmake_prefix_path.dsv'
[1.946s] INFO:colcon.colcon_core.shell:Creating environment hook '/home/burkehill/ad2/ad2_robot/install/basic_mobile_robot/share/basic_mobile_robot/hook/cmake_prefix_path.sh'
[1.947s] Level 1:colcon.colcon_core.environment:checking '/home/burkehill/ad2/ad2_robot/install/basic_mobile_robot/bin'
[1.948s] Level 1:colcon.colcon_core.environment:checking '/home/burkehill/ad2/ad2_robot/install/basic_mobile_robot/lib/pkgconfig/basic_mobile_robot.pc'
[1.948s] Level 1:colcon.colcon_core.environment:checking '/home/burkehill/ad2/ad2_robot/install/basic_mobile_robot/lib/python3.8/site-packages'
[1.948s] INFO:colcon.colcon_core.shell:Creating package script '/home/burkehill/ad2/ad2_robot/install/basic_mobile_robot/share/basic_mobile_robot/package.ps1'
[1.949s] INFO:colcon.colcon_core.shell:Creating package descriptor '/home/burkehill/ad2/ad2_robot/install/basic_mobile_robot/share/basic_mobile_robot/package.dsv'
[1.949s] INFO:colcon.colcon_core.shell:Creating package script '/home/burkehill/ad2/ad2_robot/install/basic_mobile_robot/share/basic_mobile_robot/package.sh'
[1.950s] INFO:colcon.colcon_core.shell:Creating package script '/home/burkehill/ad2/ad2_robot/install/basic_mobile_robot/share/basic_mobile_robot/package.bash'
[1.951s] INFO:colcon.colcon_core.shell:Creating package script '/home/burkehill/ad2/ad2_robot/install/basic_mobile_robot/share/basic_mobile_robot/package.zsh'
[1.952s] Level 1:colcon.colcon_core.environment:create_file_with_runtime_dependencies(/home/burkehill/ad2/ad2_robot/install/basic_mobile_robot/share/colcon-core/packages/basic_mobile_robot)
[1.988s] Level 1:colcon.colcon_core.environment:create_environment_scripts_only(basic_mobile_robot)
[1.989s] Level 1:colcon.colcon_core.environment:checking '/home/burkehill/ad2/ad2_robot/install/basic_mobile_robot' for CMake module files
[1.990s] Level 1:colcon.colcon_core.environment:checking '/home/burkehill/ad2/ad2_robot/install/basic_mobile_robot' for CMake config files
[1.990s] Level 1:colcon.colcon_core.shell:create_environment_hook('basic_mobile_robot', 'cmake_prefix_path')
[1.990s] INFO:colcon.colcon_core.shell:Creating environment hook '/home/burkehill/ad2/ad2_robot/install/basic_mobile_robot/share/basic_mobile_robot/hook/cmake_prefix_path.ps1'
[1.991s] INFO:colcon.colcon_core.shell:Creating environment descriptor '/home/burkehill/ad2/ad2_robot/install/basic_mobile_robot/share/basic_mobile_robot/hook/cmake_prefix_path.dsv'
[1.992s] INFO:colcon.colcon_core.shell:Creating environment hook '/home/burkehill/ad2/ad2_robot/install/basic_mobile_robot/share/basic_mobile_robot/hook/cmake_prefix_path.sh'
[1.992s] Level 1:colcon.colcon_core.environment:checking '/home/burkehill/ad2/ad2_robot/install/basic_mobile_robot/bin'
[1.992s] Level 1:colcon.colcon_core.environment:checking '/home/burkehill/ad2/ad2_robot/install/basic_mobile_robot/lib/pkgconfig/basic_mobile_robot.pc'
[1.993s] Level 1:colcon.colcon_core.environment:checking '/home/burkehill/ad2/ad2_robot/install/basic_mobile_robot/lib/python3.8/site-packages'
[1.993s] INFO:colcon.colcon_core.shell:Creating package script '/home/burkehill/ad2/ad2_robot/install/basic_mobile_robot/share/basic_mobile_robot/package.ps1'
[1.994s] INFO:colcon.colcon_core.shell:Creating package descriptor '/home/burkehill/ad2/ad2_robot/install/basic_mobile_robot/share/basic_mobile_robot/package.dsv'
[1.994s] INFO:colcon.colcon_core.shell:Creating package script '/home/burkehill/ad2/ad2_robot/install/basic_mobile_robot/share/basic_mobile_robot/package.sh'
[1.995s] INFO:colcon.colcon_core.shell:Creating package script '/home/burkehill/ad2/ad2_robot/install/basic_mobile_robot/share/basic_mobile_robot/package.bash'
[1.995s] INFO:colcon.colcon_core.shell:Creating package script '/home/burkehill/ad2/ad2_robot/install/basic_mobile_robot/share/basic_mobile_robot/package.zsh'
[1.996s] Level 1:colcon.colcon_core.environment:create_file_with_runtime_dependencies(/home/burkehill/ad2/ad2_robot/install/basic_mobile_robot/share/colcon-core/packages/basic_mobile_robot)
[1.997s] DEBUG:colcon.colcon_parallel_executor.executor.parallel:closing loop
[1.997s] DEBUG:colcon.colcon_parallel_executor.executor.parallel:loop closed
[1.998s] DEBUG:colcon.colcon_parallel_executor.executor.parallel:run_until_complete finished with '0'
[1.998s] DEBUG:colcon.colcon_core.event_reactor:joining thread
[2.010s] INFO:colcon.colcon_core.plugin_system:Skipping extension 'colcon_notification.desktop_notification.terminal_notifier': Not used on non-Darwin systems
[2.010s] INFO:colcon.colcon_core.plugin_system:Skipping extension 'colcon_notification.desktop_notification.win32': Not used on non-Windows systems
[2.010s] INFO:colcon.colcon_notification.desktop_notification:Sending desktop notification using 'notify2'
[2.056s] DEBUG:colcon.colcon_core.event_reactor:joined thread
[2.057s] INFO:colcon.colcon_core.shell:Creating prefix script '/home/burkehill/ad2/ad2_robot/install/local_setup.ps1'
[2.058s] INFO:colcon.colcon_core.shell:Creating prefix util module '/home/burkehill/ad2/ad2_robot/install/_local_setup_util_ps1.py'
[2.059s] INFO:colcon.colcon_core.shell:Creating prefix chain script '/home/burkehill/ad2/ad2_robot/install/setup.ps1'
[2.061s] INFO:colcon.colcon_core.shell:Creating prefix script '/home/burkehill/ad2/ad2_robot/install/local_setup.sh'
[2.062s] INFO:colcon.colcon_core.shell:Creating prefix util module '/home/burkehill/ad2/ad2_robot/install/_local_setup_util_sh.py'
[2.062s] INFO:colcon.colcon_core.shell:Creating prefix chain script '/home/burkehill/ad2/ad2_robot/install/setup.sh'
[2.066s] INFO:colcon.colcon_core.shell:Creating prefix script '/home/burkehill/ad2/ad2_robot/install/local_setup.bash'
[2.067s] INFO:colcon.colcon_core.shell:Creating prefix chain script '/home/burkehill/ad2/ad2_robot/install/setup.bash'
[2.069s] INFO:colcon.colcon_core.shell:Creating prefix script '/home/burkehill/ad2/ad2_robot/install/local_setup.zsh'
[2.070s] INFO:colcon.colcon_core.shell:Creating prefix chain script '/home/burkehill/ad2/ad2_robot/install/setup.zsh'
